Unity Editor version:    2022.3.43f1 (85497d293fa1)
Branch:                  2022.3/staging
Build type:              Release
Batch mode:              YES
macOS version:           Version 14.6.1 (Build 23G93)
Darwin version:          23.6.0
Architecture:            x86_64
Running under Rosetta:   NO
Available memory:        8192 MB
Using pre-set license
Pro License: YES

COMMAND LINE ARGUMENTS:
/Applications/Unity/Hub/Editor/2022.3.43f1/Unity.app/Contents/MacOS/Unity
-adb2
-batchMode
-noUpm
-name
AssetImportWorker0
-projectPath
/Users/ariguzzi/Desktop/School/CU Boulder/CTD/VRFinal/VRFinal
-logFile
Logs/AssetImportWorker0.log
-srvPort
55461
Successfully changed project path to: /Users/ariguzzi/Desktop/School/CU Boulder/CTD/VRFinal/VRFinal
/Users/ariguzzi/Desktop/School/CU Boulder/CTD/VRFinal/VRFinal
[UnityMemory] Configuration Parameters - Can be set up in boot.config
    "memorysetup-bucket-allocator-granularity=16"
    "memorysetup-bucket-allocator-bucket-count=8"
    "memorysetup-bucket-allocator-block-size=33554432"
    "memorysetup-bucket-allocator-block-count=8"
    "memorysetup-main-allocator-block-size=16777216"
    "memorysetup-thread-allocator-block-size=16777216"
    "memorysetup-gfx-main-allocator-block-size=16777216"
    "memorysetup-gfx-thread-allocator-block-size=16777216"
    "memorysetup-cache-allocator-block-size=4194304"
    "memorysetup-typetree-allocator-block-size=2097152"
    "memorysetup-profiler-bucket-allocator-granularity=16"
    "memorysetup-profiler-bucket-allocator-bucket-count=8"
    "memorysetup-profiler-bucket-allocator-block-size=33554432"
    "memorysetup-profiler-bucket-allocator-block-count=8"
    "memorysetup-profiler-allocator-block-size=16777216"
    "memorysetup-profiler-editor-allocator-block-size=1048576"
    "memorysetup-temp-allocator-size-main=16777216"
    "memorysetup-job-temp-allocator-block-size=2097152"
    "memorysetup-job-temp-allocator-block-size-background=1048576"
    "memorysetup-job-temp-allocator-reduction-small-platforms=262144"
    "memorysetup-allocator-temp-initial-block-size-main=262144"
    "memorysetup-allocator-temp-initial-block-size-worker=262144"
    "memorysetup-temp-allocator-size-background-worker=32768"
    "memorysetup-temp-allocator-size-job-worker=262144"
    "memorysetup-temp-allocator-size-preload-manager=33554432"
    "memorysetup-temp-allocator-size-nav-mesh-worker=65536"
    "memorysetup-temp-allocator-size-audio-worker=65536"
    "memorysetup-temp-allocator-size-cloud-worker=32768"
    "memorysetup-temp-allocator-size-gi-baking-worker=262144"
    "memorysetup-temp-allocator-size-gfx=262144"
Player connection [140704397352384]  Target information:

Player connection [140704397352384]  * "[IP] 10.233.77.163 [Port] 0 [Flags] 2 [Guid] 4147239064 [EditorId] 4147239064 [Version] 1048832 [Id] OSXEditor(0,engr2-2-77-163-edu.int.colorado.edu) [Debug] 1 [PackageName] OSXEditor [ProjectName] Editor" 

Player connection [140704397352384] Host joined multi-casting on [225.0.0.222:54997]...
Player connection [140704397352384] Host joined alternative multi-casting on [225.0.0.222:34997]...
[PhysX] Initialized MultithreadedTaskDispatcher with 8 workers.
Refreshing native plugins compatible for Editor in 51.37 ms, found 9 plugins.
Preloading 1 native plugins for Editor in 8.53 ms.
Initialize engine version: 2022.3.43f1 (85497d293fa1)
[Subsystems] Discovering subsystems at path /Applications/Unity/Hub/Editor/2022.3.43f1/Unity.app/Contents/Resources/UnitySubsystems
[Subsystems] Discovering subsystems at path /Users/ariguzzi/Desktop/School/CU Boulder/CTD/VRFinal/VRFinal/Assets
GfxDevice: creating device client; threaded=0; jobified=0
Color LCD preferred device: Intel(R) Iris(TM) Plus Graphics 645 (low power)
Metal devices available: 1
0: Intel(R) Iris(TM) Plus Graphics 645 (low power)
Using device Intel(R) Iris(TM) Plus Graphics 645 (low power)
Initializing Metal device caps: Intel(R) Iris(TM) Plus Graphics 645
Initialize mono
Mono path[0] = '/Applications/Unity/Hub/Editor/2022.3.43f1/Unity.app/Contents/Managed'
Mono path[1] = '/Applications/Unity/Hub/Editor/2022.3.43f1/Unity.app/Contents/MonoBleedingEdge/lib/mono/unityjit-macos'
Mono config path = '/Applications/Unity/Hub/Editor/2022.3.43f1/Unity.app/Contents/MonoBleedingEdge/etc'
Using monoOptions --debugger-agent=transport=dt_socket,embedding=1,server=y,suspend=n,address=127.0.0.1:56073
Begin MonoManager ReloadAssembly
Registering precompiled unity dll's ...
Register platform support module: /Applications/Unity/Hub/Editor/2022.3.43f1/PlaybackEngines/WebGLSupport/UnityEditor.WebGL.Extensions.dll
Register platform support module: /Applications/Unity/Hub/Editor/2022.3.43f1/Unity.app/Contents/PlaybackEngines/MacStandaloneSupport/UnityEditor.OSXStandalone.Extensions.dll
Register platform support module: /Applications/Unity/Hub/Editor/2022.3.43f1/PlaybackEngines/AndroidPlayer/UnityEditor.Android.Extensions.dll
Registered in 0.008316 seconds.
- Loaded All Assemblies, in  1.010 seconds
Native extension for Android target not found
Unauthorized device detected, Id: 2G0YC1ZG4603LB, please add debug authorization and reconnect.
UnityEngine.StackTraceUtility:ExtractStackTrace () (at /Users/bokken/build/output/unity/unity/Runtime/Export/Scripting/StackTrace.cs:37)
UnityEngine.DebugLogHandler:LogFormat (UnityEngine.LogType,UnityEngine.Object,string,object[])
UnityEngine.Logger:LogFormat (UnityEngine.LogType,string,object[])
UnityEngine.Debug:LogFormat (string,object[])
UnityEditor.Android.AndroidDeploymentTargetsExtension:GetKnownTargets (UnityEditor.DeploymentTargets.IDeploymentTargetsMainThreadContext,UnityEditor.ProgressHandler)
UnityEditor.Android.TargetScanWorker:ScanSync ()
UnityEditor.Android.TargetExtension:OnUsbDevicesChanged (UnityEditor.Hardware.UsbDevice[])
UnityEditor.Android.TargetExtension:OnLoad ()
UnityEditor.Modules.ModuleManager:InitializePlatformSupportModules () (at /Users/bokken/build/output/unity/unity/Editor/Mono/Modules/ModuleManager.cs:147)

(Filename: /Users/bokken/build/output/unity/unity/Editor/Mono/Modules/ModuleManager.cs Line: 147)

Android Extension - Scanning For ADB Devices 185 ms
Native extension for OSXStandalone target not found
Native extension for WebGL target not found
Mono: successfully reloaded assembly
- Finished resetting the current domain, in  0.815 seconds
Domain Reload Profiling: 1825ms
	BeginReloadAssembly (270ms)
		ExecutionOrderSort (0ms)
		DisableScriptedObjects (0ms)
		BackupInstance (0ms)
		ReleaseScriptingObjects (0ms)
		CreateAndSetChildDomain (1ms)
	RebuildCommonClasses (122ms)
	RebuildNativeTypeToScriptingClass (37ms)
	initialDomainReloadingComplete (162ms)
	LoadAllAssembliesAndSetupDomain (417ms)
		LoadAssemblies (278ms)
		RebuildTransferFunctionScriptingTraits (0ms)
		AnalyzeDomain (405ms)
			TypeCache.Refresh (401ms)
				TypeCache.ScanAssembly (369ms)
			ScanForSourceGeneratedMonoScriptInfo (1ms)
			ResolveRequiredComponents (1ms)
	FinalizeReload (816ms)
		ReleaseScriptCaches (0ms)
		RebuildScriptCaches (0ms)
		SetupLoadedEditorAssemblies (704ms)
			LogAssemblyErrors (0ms)
			InitializePlatformSupportModulesInManaged (357ms)
			SetLoadedEditorAssemblies (9ms)
			RefreshPlugins (0ms)
			BeforeProcessingInitializeOnLoad (5ms)
			ProcessInitializeOnLoadAttributes (246ms)
			ProcessInitializeOnLoadMethodAttributes (87ms)
			AfterProcessingInitializeOnLoad (0ms)
			EditorAssembliesLoaded (0ms)
		ExecutionOrderSort2 (0ms)
		AwakeInstancesAfterBackupRestoration (0ms)
========================================================================
Worker process is ready to serve import requests
Caller must complete domain reload
Begin MonoManager ReloadAssembly
- Loaded All Assemblies, in  1.123 seconds
Native extension for Android target not found
Native extension for OSXStandalone target not found
Native extension for WebGL target not found
Package Manager log level set to [2]
[Package Manager] Server::EnsureServerProcessIsRunning -- launch failed, reason: Unity was launched with the -noUpm command-line argument
[Package Manager] UpmClient::Send -- Unable to send message (not connected to UPM process).
[Package Manager] Cannot connect to Unity Package Manager local server
[Package Manager] Server::EnsureServerProcessIsRunning -- launch failed, reason: Unity was launched with the -noUpm command-line argument
[Package Manager] UpmClient::Send -- Unable to send message (not connected to UPM process).
[Package Manager] Cannot connect to Unity Package Manager local server
Mono: successfully reloaded assembly
[Package Manager] Server::EnsureServerProcessIsRunning -- launch failed, reason: Unity was launched with the -noUpm command-line argument
[Package Manager] UpmClient::Send -- Unable to send message (not connected to UPM process).
[Package Manager] Cannot connect to Unity Package Manager local server
[Package Manager] Server::EnsureServerProcessIsRunning -- launch failed, reason: Unity was launched with the -noUpm command-line argument
[Package Manager] UpmClient::Send -- Unable to send message (not connected to UPM process).
[Package Manager] Cannot connect to Unity Package Manager local server
- Finished resetting the current domain, in  1.272 seconds
Domain Reload Profiling: 2398ms
	BeginReloadAssembly (263ms)
		ExecutionOrderSort (0ms)
		DisableScriptedObjects (13ms)
		BackupInstance (0ms)
		ReleaseScriptingObjects (0ms)
		CreateAndSetChildDomain (51ms)
	RebuildCommonClasses (70ms)
	RebuildNativeTypeToScriptingClass (21ms)
	initialDomainReloadingComplete (72ms)
	LoadAllAssembliesAndSetupDomain (699ms)
		LoadAssemblies (560ms)
		RebuildTransferFunctionScriptingTraits (0ms)
		AnalyzeDomain (258ms)
			TypeCache.Refresh (218ms)
				TypeCache.ScanAssembly (188ms)
			ScanForSourceGeneratedMonoScriptInfo (27ms)
			ResolveRequiredComponents (9ms)
	FinalizeReload (1273ms)
		ReleaseScriptCaches (0ms)
		RebuildScriptCaches (0ms)
		SetupLoadedEditorAssemblies (958ms)
			LogAssemblyErrors (0ms)
			InitializePlatformSupportModulesInManaged (25ms)
			SetLoadedEditorAssemblies (8ms)
			RefreshPlugins (0ms)
			BeforeProcessingInitializeOnLoad (86ms)
			ProcessInitializeOnLoadAttributes (682ms)
			ProcessInitializeOnLoadMethodAttributes (154ms)
			AfterProcessingInitializeOnLoad (2ms)
			EditorAssembliesLoaded (0ms)
		ExecutionOrderSort2 (0ms)
		AwakeInstancesAfterBackupRestoration (6ms)
Launching external process: /Applications/Unity/Hub/Editor/2022.3.43f1/Unity.app/Contents/Tools/UnityShaderCompiler
Launched and connected shader compiler UnityShaderCompiler after 0.12 seconds
Refreshing native plugins compatible for Editor in 7.57 ms, found 9 plugins.
Preloading 1 native plugins for Editor in 0.37 ms.
Unloading 2778 Unused Serialized files (Serialized files now loaded: 0)
Unloading 73 unused Assets / (76.1 KB). Loaded Objects now: 3246.
Memory consumption went from 120.9 MB to 120.9 MB.
Total: 6.800347 ms (FindLiveObjects: 0.339821 ms CreateObjectMapping: 0.227385 ms MarkObjects: 5.797448 ms  DeleteObjects: 0.434502 ms)

AssetImportParameters requested are different than current active one (requested -> active):
  custom:video-decoder-webm-vp8: 9c59270c3fd7afecdb556c50c9e8de78 -> 
  custom:SearchIndexIgnoredProperties: e643bd26f0fe6173181afceb89e7c659 -> 
  custom:container-demuxer-ogg: 62fdf1f143b41e24485cea50d1cbac27 -> 
  custom:AudioImporter_EditorPlatform: 3918e3fc78b5a79bad01e8451be0beb8 -> 
  custom:video-decoder-ogg-theora: a1e56fd34408186e4bbccfd4996cb3dc -> 
  custom:framework-osx-AVFoundation: e770b220cccbd017edd2c1fefb359320 -> 
  custom:video-encoder-webm-vp8: eb34c28f22e8b96e1ab97ce403110664 -> 
  custom:audio-decoder-ogg-vorbis: bf7c407c2cedff20999df2af8eb42d56 -> 
  custom:CustomObjectIndexerAttribute: 9a22284fe3817be447336de3de66b15e -> 
  custom:container-demuxer-webm: 4f35f7cbe854078d1ac9338744f61a02 -> 
  custom:audio-encoder-webm-vorbis: bf7c407c2cedff20999df2af8eb42d56 -> 
  custom:container-muxer-webm: aa71ff27fc2769a1b78a27578f13a17b -> 
========================================================================
Received Import Request.
  Time since last request: 83790.720749 seconds.
  path: Assets/pickUpCube.prefab
  artifactKey: Guid(f96eacc7cd3b6436393b830562f659b6) Importer(815301076,1909f56bfc062723c751e8b465ee728b)
Start importing Assets/pickUpCube.prefab using Guid(f96eacc7cd3b6436393b830562f659b6) Importer(815301076,1909f56bfc062723c751e8b465ee728b) [PhysX] Initialized MultithreadedTaskDispatcher with 8 workers.
[PhysX] Initialized MultithreadedTaskDispatcher with 8 workers.
 -> (artifact id: 'b12f0b8ea57dbac01bc7eb2a77550601') in 0.480672 seconds
Number of updated asset objects reloaded before import = 0
Number of asset objects unloaded after import = 12
========================================================================
Received Import Request.
  Time since last request: 0.000083 seconds.
  path: Assets/PlaneMat.mat
  artifactKey: Guid(9a3b4dd3b9e1641c1acb77aaeb3022e6) Importer(815301076,1909f56bfc062723c751e8b465ee728b)
Start importing Assets/PlaneMat.mat using Guid(9a3b4dd3b9e1641c1acb77aaeb3022e6) Importer(815301076,1909f56bfc062723c751e8b465ee728b) [PhysX] Initialized MultithreadedTaskDispatcher with 8 workers.
[PhysX] Initialized MultithreadedTaskDispatcher with 8 workers.
 -> (artifact id: 'afd372d4e87c51ee52e7de9c9cff09dd') in 0.166004 seconds
Number of updated asset objects reloaded before import = 0
Number of asset objects unloaded after import = 1
========================================================================
Received Prepare
Refreshing native plugins compatible for Editor in 36.03 ms, found 9 plugins.
Preloading 1 native plugins for Editor in 0.71 ms.
Unloading 0 Unused Serialized files (Serialized files now loaded: 0)
Unloading 0 unused Assets / (0 B). Loaded Objects now: 3290.
Memory consumption went from 76.1 MB to 76.1 MB.
Total: 46.355735 ms (FindLiveObjects: 1.071343 ms CreateObjectMapping: 0.261270 ms MarkObjects: 45.007540 ms  DeleteObjects: 0.014240 ms)

Prepare: number of updated asset objects reloaded= 0
AssetImportParameters requested are different than current active one (requested -> active):
  custom:video-decoder-webm-vp8: 9c59270c3fd7afecdb556c50c9e8de78 -> 
  custom:SearchIndexIgnoredProperties: e643bd26f0fe6173181afceb89e7c659 -> 
  custom:container-demuxer-ogg: 62fdf1f143b41e24485cea50d1cbac27 -> 
  custom:AudioImporter_EditorPlatform: 3918e3fc78b5a79bad01e8451be0beb8 -> 
  custom:video-decoder-ogg-theora: a1e56fd34408186e4bbccfd4996cb3dc -> 
  custom:framework-osx-AVFoundation: e770b220cccbd017edd2c1fefb359320 -> 
  custom:video-encoder-webm-vp8: eb34c28f22e8b96e1ab97ce403110664 -> 
  custom:audio-decoder-ogg-vorbis: bf7c407c2cedff20999df2af8eb42d56 -> 
  custom:CustomObjectIndexerAttribute: 9a22284fe3817be447336de3de66b15e -> 
  custom:container-demuxer-webm: 4f35f7cbe854078d1ac9338744f61a02 -> 
  custom:audio-encoder-webm-vorbis: bf7c407c2cedff20999df2af8eb42d56 -> 
  custom:container-muxer-webm: aa71ff27fc2769a1b78a27578f13a17b -> 
========================================================================
Received Import Request.
  Time since last request: 179.602896 seconds.
  path: Assets/gold.jpg
  artifactKey: Guid(0675fdfc38def45feb0faf52c85bb6da) Importer(815301076,1909f56bfc062723c751e8b465ee728b)
Start importing Assets/gold.jpg using Guid(0675fdfc38def45feb0faf52c85bb6da) Importer(815301076,1909f56bfc062723c751e8b465ee728b) [PhysX] Initialized MultithreadedTaskDispatcher with 8 workers.
[PhysX] Initialized MultithreadedTaskDispatcher with 8 workers.
 -> (artifact id: '461d6d3458b8c40245e457c3c326674d') in 0.203362 seconds
Number of updated asset objects reloaded before import = 0
Number of asset objects unloaded after import = 2
========================================================================
Received Import Request.
  Time since last request: 63.395428 seconds.
  path: Assets/clovergrass.jpg
  artifactKey: Guid(607ee85faf6714ffb8c28b2ddf2aafe8) Importer(815301076,1909f56bfc062723c751e8b465ee728b)
Start importing Assets/clovergrass.jpg using Guid(607ee85faf6714ffb8c28b2ddf2aafe8) Importer(815301076,1909f56bfc062723c751e8b465ee728b) [PhysX] Initialized MultithreadedTaskDispatcher with 8 workers.
[PhysX] Initialized MultithreadedTaskDispatcher with 8 workers.
 -> (artifact id: '2ded7cafcc7439bea176cfc1fe7a3829') in 0.292666 seconds
Number of updated asset objects reloaded before import = 0
Number of asset objects unloaded after import = 2
========================================================================
Received Prepare
Caller must complete domain reload
Begin MonoManager ReloadAssembly
- Loaded All Assemblies, in  0.850 seconds
Native extension for Android target not found
Native extension for OSXStandalone target not found
Native extension for WebGL target not found
[Package Manager] Server::EnsureServerProcessIsRunning -- launch failed, reason: Unity was launched with the -noUpm command-line argument
[Package Manager] UpmClient::Send -- Unable to send message (not connected to UPM process).
[Package Manager] Cannot connect to Unity Package Manager local server
[Package Manager] Server::EnsureServerProcessIsRunning -- launch failed, reason: Unity was launched with the -noUpm command-line argument
[Package Manager] UpmClient::Send -- Unable to send message (not connected to UPM process).
[Package Manager] Cannot connect to Unity Package Manager local server
Mono: successfully reloaded assembly
[Package Manager] Server::EnsureServerProcessIsRunning -- launch failed, reason: Unity was launched with the -noUpm command-line argument
[Package Manager] UpmClient::Send -- Unable to send message (not connected to UPM process).
[Package Manager] Cannot connect to Unity Package Manager local server
- Finished resetting the current domain, in  1.539 seconds
Domain Reload Profiling: 2390ms
	BeginReloadAssembly (288ms)
		ExecutionOrderSort (0ms)
		DisableScriptedObjects (11ms)
		BackupInstance (0ms)
		ReleaseScriptingObjects (0ms)
		CreateAndSetChildDomain (112ms)
	RebuildCommonClasses (67ms)
	RebuildNativeTypeToScriptingClass (19ms)
	initialDomainReloadingComplete (51ms)
	LoadAllAssembliesAndSetupDomain (425ms)
		LoadAssemblies (466ms)
		RebuildTransferFunctionScriptingTraits (0ms)
		AnalyzeDomain (76ms)
			TypeCache.Refresh (18ms)
				TypeCache.ScanAssembly (1ms)
			ScanForSourceGeneratedMonoScriptInfo (47ms)
			ResolveRequiredComponents (9ms)
	FinalizeReload (1539ms)
		ReleaseScriptCaches (0ms)
		RebuildScriptCaches (0ms)
		SetupLoadedEditorAssemblies (683ms)
			LogAssemblyErrors (0ms)
			InitializePlatformSupportModulesInManaged (23ms)
			SetLoadedEditorAssemblies (6ms)
			RefreshPlugins (0ms)
			BeforeProcessingInitializeOnLoad (66ms)
			ProcessInitializeOnLoadAttributes (524ms)
			ProcessInitializeOnLoadMethodAttributes (63ms)
			AfterProcessingInitializeOnLoad (1ms)
			EditorAssembliesLoaded (0ms)
		ExecutionOrderSort2 (0ms)
		AwakeInstancesAfterBackupRestoration (8ms)
Refreshing native plugins compatible for Editor in 6.81 ms, found 9 plugins.
Preloading 1 native plugins for Editor in 0.36 ms.
Unloading 2752 Unused Serialized files (Serialized files now loaded: 0)
Unloading 65 unused Assets / (55.0 KB). Loaded Objects now: 3296.
Memory consumption went from 124.3 MB to 124.3 MB.
Total: 6.576117 ms (FindLiveObjects: 1.207559 ms CreateObjectMapping: 0.230931 ms MarkObjects: 5.032980 ms  DeleteObjects: 0.103648 ms)

Prepare: number of updated asset objects reloaded= 0
AssetImportParameters requested are different than current active one (requested -> active):
  custom:video-decoder-webm-vp8: 9c59270c3fd7afecdb556c50c9e8de78 -> 
  custom:SearchIndexIgnoredProperties: e643bd26f0fe6173181afceb89e7c659 -> 
  custom:container-demuxer-ogg: 62fdf1f143b41e24485cea50d1cbac27 -> 
  custom:AudioImporter_EditorPlatform: 3918e3fc78b5a79bad01e8451be0beb8 -> 
  custom:video-decoder-ogg-theora: a1e56fd34408186e4bbccfd4996cb3dc -> 
  custom:framework-osx-AVFoundation: e770b220cccbd017edd2c1fefb359320 -> 
  custom:video-encoder-webm-vp8: eb34c28f22e8b96e1ab97ce403110664 -> 
  custom:audio-decoder-ogg-vorbis: bf7c407c2cedff20999df2af8eb42d56 -> 
  custom:CustomObjectIndexerAttribute: 9a22284fe3817be447336de3de66b15e -> 
  custom:container-demuxer-webm: 4f35f7cbe854078d1ac9338744f61a02 -> 
  custom:audio-encoder-webm-vorbis: bf7c407c2cedff20999df2af8eb42d56 -> 
  custom:container-muxer-webm: aa71ff27fc2769a1b78a27578f13a17b -> 
========================================================================
Received Import Request.
  Time since last request: 26.435637 seconds.
  path: Assets/DoSquenceCode.cs
  artifactKey: Guid(bff419915f0bc43f483f1e3b969e11db) Importer(815301076,1909f56bfc062723c751e8b465ee728b)
Start importing Assets/DoSquenceCode.cs using Guid(bff419915f0bc43f483f1e3b969e11db) Importer(815301076,1909f56bfc062723c751e8b465ee728b) [PhysX] Initialized MultithreadedTaskDispatcher with 8 workers.
 -> (artifact id: 'd304cef62f70bc86e4efd64881311cbe') in 0.005229 seconds
Number of updated asset objects reloaded before import = 0
Number of asset objects unloaded after import = 0
========================================================================
Received Import Request.
  Time since last request: 70.085019 seconds.
  path: Assets/bush.png
  artifactKey: Guid(56bd4857292dd48e4a27bf86865e734e) Importer(815301076,1909f56bfc062723c751e8b465ee728b)
Start importing Assets/bush.png using Guid(56bd4857292dd48e4a27bf86865e734e) Importer(815301076,1909f56bfc062723c751e8b465ee728b) [PhysX] Initialized MultithreadedTaskDispatcher with 8 workers.
[PhysX] Initialized MultithreadedTaskDispatcher with 8 workers.
 -> (artifact id: '2537217dd6f3bb9f835dd497854f0bc5') in 0.218396 seconds
Number of updated asset objects reloaded before import = 0
Number of asset objects unloaded after import = 2
========================================================================
Received Prepare
Caller must complete domain reload
Begin MonoManager ReloadAssembly
- Loaded All Assemblies, in  1.126 seconds
Native extension for Android target not found
Native extension for OSXStandalone target not found
Native extension for WebGL target not found
[Package Manager] Server::EnsureServerProcessIsRunning -- launch failed, reason: Unity was launched with the -noUpm command-line argument
[Package Manager] UpmClient::Send -- Unable to send message (not connected to UPM process).
[Package Manager] Cannot connect to Unity Package Manager local server
[Package Manager] Server::EnsureServerProcessIsRunning -- launch failed, reason: Unity was launched with the -noUpm command-line argument
[Package Manager] UpmClient::Send -- Unable to send message (not connected to UPM process).
[Package Manager] Cannot connect to Unity Package Manager local server
Mono: successfully reloaded assembly
[Package Manager] Server::EnsureServerProcessIsRunning -- launch failed, reason: Unity was launched with the -noUpm command-line argument
[Package Manager] UpmClient::Send -- Unable to send message (not connected to UPM process).
[Package Manager] Cannot connect to Unity Package Manager local server
- Finished resetting the current domain, in  2.003 seconds
Domain Reload Profiling: 3130ms
	BeginReloadAssembly (384ms)
		ExecutionOrderSort (0ms)
		DisableScriptedObjects (11ms)
		BackupInstance (0ms)
		ReleaseScriptingObjects (0ms)
		CreateAndSetChildDomain (123ms)
	RebuildCommonClasses (65ms)
	RebuildNativeTypeToScriptingClass (21ms)
	initialDomainReloadingComplete (42ms)
	LoadAllAssembliesAndSetupDomain (615ms)
		LoadAssemblies (662ms)
		RebuildTransferFunctionScriptingTraits (0ms)
		AnalyzeDomain (145ms)
			TypeCache.Refresh (108ms)
				TypeCache.ScanAssembly (80ms)
			ScanForSourceGeneratedMonoScriptInfo (24ms)
			ResolveRequiredComponents (8ms)
	FinalizeReload (2004ms)
		ReleaseScriptCaches (0ms)
		RebuildScriptCaches (0ms)
		SetupLoadedEditorAssemblies (896ms)
			LogAssemblyErrors (0ms)
			InitializePlatformSupportModulesInManaged (23ms)
			SetLoadedEditorAssemblies (5ms)
			RefreshPlugins (0ms)
			BeforeProcessingInitializeOnLoad (77ms)
			ProcessInitializeOnLoadAttributes (695ms)
			ProcessInitializeOnLoadMethodAttributes (93ms)
			AfterProcessingInitializeOnLoad (2ms)
			EditorAssembliesLoaded (0ms)
		ExecutionOrderSort2 (0ms)
		AwakeInstancesAfterBackupRestoration (18ms)
Refreshing native plugins compatible for Editor in 9.08 ms, found 9 plugins.
Preloading 1 native plugins for Editor in 0.44 ms.
Unloading 2764 Unused Serialized files (Serialized files now loaded: 0)
Unloading 68 unused Assets / (55.0 KB). Loaded Objects now: 3316.
Memory consumption went from 130.3 MB to 130.3 MB.
Total: 8.587104 ms (FindLiveObjects: 0.554661 ms CreateObjectMapping: 0.284890 ms MarkObjects: 7.629933 ms  DeleteObjects: 0.116460 ms)

Prepare: number of updated asset objects reloaded= 0
AssetImportParameters requested are different than current active one (requested -> active):
  custom:video-decoder-webm-vp8: 9c59270c3fd7afecdb556c50c9e8de78 -> 
  custom:SearchIndexIgnoredProperties: e643bd26f0fe6173181afceb89e7c659 -> 
  custom:scripting/monoscript/fileName/DOTweenModuleUtils.cs: 34ad347c902a97803d1c13fe65e97957 -> 
  custom:container-demuxer-ogg: 62fdf1f143b41e24485cea50d1cbac27 -> 
  custom:AudioImporter_EditorPlatform: 3918e3fc78b5a79bad01e8451be0beb8 -> 
  custom:scripting/monoscript/fileName/DoSquenceCode.cs: 2fdf7f871b4183857fec8c49c6580e5c -> 
  custom:scripting/monoscript/fileName/DOTweenModuleAudio.cs: 371877257ce39f5f0996ea556debbc8a -> 
  custom:scripting/monoscript/fileName/DOTweenModulePhysics2D.cs: 63b0e5981d81d026672954b54596f5ae -> 
  custom:scripting/precompiled-assembly-types:DOTweenEditor: 1efdf497b099e4e6944f0dd7fb28c744 -> 
  custom:video-decoder-ogg-theora: a1e56fd34408186e4bbccfd4996cb3dc -> 
  custom:scripting/monoscript/fileName/DOTweenModuleUnityVersion.cs: 5fda8b30fb2f0276062c9b201e3b53c4 -> 
  custom:scripting/monoscript/fileName/DOTweenModuleUI.cs: 53c26b618f695b59a868eebdc97332ad -> 
  custom:framework-osx-AVFoundation: e770b220cccbd017edd2c1fefb359320 -> 
  custom:scripting/precompiled-assembly-types:Assembly-CSharp-firstpass: c3b8ba213efe735b4b5ada0ee074dcb3 -> 
  custom:scripting/monoscript/fileName/DOTweenModuleSprite.cs: e35fb5eb1c483cffc283a374a5e25466 -> 
  custom:scripting/precompiled-assembly-types:DOTween: 41770a3e10244ae0a34e714162bbdba6 -> 
  custom:video-encoder-webm-vp8: eb34c28f22e8b96e1ab97ce403110664 -> 
  custom:scripting/monoscript/fileName/DOTweenModulePhysics.cs: 87f8974001cd2397421cfdcad1904e83 -> 
  custom:audio-decoder-ogg-vorbis: bf7c407c2cedff20999df2af8eb42d56 -> 
  custom:CustomObjectIndexerAttribute: 9a22284fe3817be447336de3de66b15e -> 
  custom:container-demuxer-webm: 4f35f7cbe854078d1ac9338744f61a02 -> 
  custom:scripting/precompiled-assembly-types:DOTweenUpgradeManager: 16e542c52fa73d4cbcd5cf54d161ea3b -> 
  custom:audio-encoder-webm-vorbis: bf7c407c2cedff20999df2af8eb42d56 -> 
  custom:scripting/precompiled-assembly-types:Assembly-CSharp: 226d197ebf03d5721ddf4667e87b7448 -> 95615498c1661d1d7e38362962995fd0
  custom:container-muxer-webm: aa71ff27fc2769a1b78a27578f13a17b -> 
========================================================================
Received Prepare
Caller must complete domain reload
Begin MonoManager ReloadAssembly
- Loaded All Assemblies, in  0.966 seconds
Native extension for Android target not found
Native extension for OSXStandalone target not found
Native extension for WebGL target not found
[Package Manager] Server::EnsureServerProcessIsRunning -- launch failed, reason: Unity was launched with the -noUpm command-line argument
[Package Manager] UpmClient::Send -- Unable to send message (not connected to UPM process).
[Package Manager] Cannot connect to Unity Package Manager local server
[Package Manager] Server::EnsureServerProcessIsRunning -- launch failed, reason: Unity was launched with the -noUpm command-line argument
[Package Manager] UpmClient::Send -- Unable to send message (not connected to UPM process).
[Package Manager] Cannot connect to Unity Package Manager local server
Mono: successfully reloaded assembly
[Package Manager] Server::EnsureServerProcessIsRunning -- launch failed, reason: Unity was launched with the -noUpm command-line argument
[Package Manager] UpmClient::Send -- Unable to send message (not connected to UPM process).
[Package Manager] Cannot connect to Unity Package Manager local server
- Finished resetting the current domain, in  1.616 seconds
Domain Reload Profiling: 2582ms
	BeginReloadAssembly (293ms)
		ExecutionOrderSort (0ms)
		DisableScriptedObjects (12ms)
		BackupInstance (0ms)
		ReleaseScriptingObjects (0ms)
		CreateAndSetChildDomain (99ms)
	RebuildCommonClasses (82ms)
	RebuildNativeTypeToScriptingClass (22ms)
	initialDomainReloadingComplete (43ms)
	LoadAllAssembliesAndSetupDomain (525ms)
		LoadAssemblies (480ms)
		RebuildTransferFunctionScriptingTraits (0ms)
		AnalyzeDomain (171ms)
			TypeCache.Refresh (124ms)
				TypeCache.ScanAssembly (108ms)
			ScanForSourceGeneratedMonoScriptInfo (28ms)
			ResolveRequiredComponents (14ms)
	FinalizeReload (1616ms)
		ReleaseScriptCaches (0ms)
		RebuildScriptCaches (0ms)
		SetupLoadedEditorAssemblies (1102ms)
			LogAssemblyErrors (0ms)
			InitializePlatformSupportModulesInManaged (27ms)
			SetLoadedEditorAssemblies (6ms)
			RefreshPlugins (0ms)
			BeforeProcessingInitializeOnLoad (114ms)
			ProcessInitializeOnLoadAttributes (837ms)
			ProcessInitializeOnLoadMethodAttributes (114ms)
			AfterProcessingInitializeOnLoad (2ms)
			EditorAssembliesLoaded (0ms)
		ExecutionOrderSort2 (0ms)
		AwakeInstancesAfterBackupRestoration (16ms)
Refreshing native plugins compatible for Editor in 8.24 ms, found 9 plugins.
Preloading 1 native plugins for Editor in 0.41 ms.
Unloading 2764 Unused Serialized files (Serialized files now loaded: 0)
Unloading 68 unused Assets / (55.0 KB). Loaded Objects now: 3320.
Memory consumption went from 135.6 MB to 135.6 MB.
Total: 5.774010 ms (FindLiveObjects: 0.382875 ms CreateObjectMapping: 0.332100 ms MarkObjects: 4.957542 ms  DeleteObjects: 0.100086 ms)

Prepare: number of updated asset objects reloaded= 0
AssetImportParameters requested are different than current active one (requested -> active):
  custom:video-decoder-webm-vp8: 9c59270c3fd7afecdb556c50c9e8de78 -> 
  custom:SearchIndexIgnoredProperties: e643bd26f0fe6173181afceb89e7c659 -> 
  custom:scripting/monoscript/fileName/DOTweenModuleUtils.cs: 34ad347c902a97803d1c13fe65e97957 -> 
  custom:container-demuxer-ogg: 62fdf1f143b41e24485cea50d1cbac27 -> 
  custom:AudioImporter_EditorPlatform: 3918e3fc78b5a79bad01e8451be0beb8 -> 
  custom:scripting/monoscript/fileName/DoSquenceCode.cs: 2fdf7f871b4183857fec8c49c6580e5c -> 
  custom:scripting/monoscript/fileName/DOTweenModuleAudio.cs: 371877257ce39f5f0996ea556debbc8a -> 
  custom:scripting/monoscript/fileName/DOTweenModulePhysics2D.cs: 63b0e5981d81d026672954b54596f5ae -> 
  custom:scripting/precompiled-assembly-types:DOTweenEditor: 1efdf497b099e4e6944f0dd7fb28c744 -> 
  custom:video-decoder-ogg-theora: a1e56fd34408186e4bbccfd4996cb3dc -> 
  custom:scripting/monoscript/fileName/DOTweenModuleUnityVersion.cs: 5fda8b30fb2f0276062c9b201e3b53c4 -> 
  custom:scripting/monoscript/fileName/DOTweenModuleUI.cs: 53c26b618f695b59a868eebdc97332ad -> 
  custom:framework-osx-AVFoundation: e770b220cccbd017edd2c1fefb359320 -> 
  custom:scripting/precompiled-assembly-types:Assembly-CSharp-firstpass: c3b8ba213efe735b4b5ada0ee074dcb3 -> 
  custom:scripting/monoscript/fileName/DOTweenModuleSprite.cs: e35fb5eb1c483cffc283a374a5e25466 -> 
  custom:scripting/precompiled-assembly-types:DOTween: 41770a3e10244ae0a34e714162bbdba6 -> 
  custom:video-encoder-webm-vp8: eb34c28f22e8b96e1ab97ce403110664 -> 
  custom:scripting/monoscript/fileName/DOTweenModulePhysics.cs: 87f8974001cd2397421cfdcad1904e83 -> 
  custom:audio-decoder-ogg-vorbis: bf7c407c2cedff20999df2af8eb42d56 -> 
  custom:CustomObjectIndexerAttribute: 9a22284fe3817be447336de3de66b15e -> 
  custom:container-demuxer-webm: 4f35f7cbe854078d1ac9338744f61a02 -> 
  custom:scripting/precompiled-assembly-types:DOTweenUpgradeManager: 16e542c52fa73d4cbcd5cf54d161ea3b -> 
  custom:audio-encoder-webm-vorbis: bf7c407c2cedff20999df2af8eb42d56 -> 
  custom:scripting/precompiled-assembly-types:Assembly-CSharp: 226d197ebf03d5721ddf4667e87b7448 -> 95615498c1661d1d7e38362962995fd0
  custom:container-muxer-webm: aa71ff27fc2769a1b78a27578f13a17b -> 
========================================================================
Received Prepare
Refreshing native plugins compatible for Editor in 32.47 ms, found 9 plugins.
Preloading 1 native plugins for Editor in 0.67 ms.
Unloading 0 Unused Serialized files (Serialized files now loaded: 0)
Unloading 0 unused Assets / (0 B). Loaded Objects now: 3320.
Memory consumption went from 92.1 MB to 92.1 MB.
Total: 49.683265 ms (FindLiveObjects: 0.451152 ms CreateObjectMapping: 0.278243 ms MarkObjects: 48.937802 ms  DeleteObjects: 0.014277 ms)

Prepare: number of updated asset objects reloaded= 0
AssetImportParameters requested are different than current active one (requested -> active):
  custom:video-decoder-webm-vp8: 9c59270c3fd7afecdb556c50c9e8de78 -> 
  custom:SearchIndexIgnoredProperties: e643bd26f0fe6173181afceb89e7c659 -> 
  custom:scripting/monoscript/fileName/DOTweenModuleUtils.cs: 34ad347c902a97803d1c13fe65e97957 -> 
  custom:container-demuxer-ogg: 62fdf1f143b41e24485cea50d1cbac27 -> 
  custom:AudioImporter_EditorPlatform: 3918e3fc78b5a79bad01e8451be0beb8 -> 
  custom:scripting/monoscript/fileName/DoSquenceCode.cs: 2fdf7f871b4183857fec8c49c6580e5c -> 
  custom:scripting/monoscript/fileName/DOTweenModuleAudio.cs: 371877257ce39f5f0996ea556debbc8a -> 
  custom:scripting/monoscript/fileName/DOTweenModulePhysics2D.cs: 63b0e5981d81d026672954b54596f5ae -> 
  custom:scripting/precompiled-assembly-types:DOTweenEditor: 1efdf497b099e4e6944f0dd7fb28c744 -> 
  custom:video-decoder-ogg-theora: a1e56fd34408186e4bbccfd4996cb3dc -> 
  custom:scripting/monoscript/fileName/DOTweenModuleUnityVersion.cs: 5fda8b30fb2f0276062c9b201e3b53c4 -> 
  custom:scripting/monoscript/fileName/DOTweenModuleUI.cs: 53c26b618f695b59a868eebdc97332ad -> 
  custom:framework-osx-AVFoundation: e770b220cccbd017edd2c1fefb359320 -> 
  custom:scripting/precompiled-assembly-types:Assembly-CSharp-firstpass: c3b8ba213efe735b4b5ada0ee074dcb3 -> 
  custom:scripting/monoscript/fileName/DOTweenModuleSprite.cs: e35fb5eb1c483cffc283a374a5e25466 -> 
  custom:scripting/precompiled-assembly-types:DOTween: 41770a3e10244ae0a34e714162bbdba6 -> 
  custom:video-encoder-webm-vp8: eb34c28f22e8b96e1ab97ce403110664 -> 
  custom:scripting/monoscript/fileName/DOTweenModulePhysics.cs: 87f8974001cd2397421cfdcad1904e83 -> 
  custom:audio-decoder-ogg-vorbis: bf7c407c2cedff20999df2af8eb42d56 -> 
  custom:CustomObjectIndexerAttribute: 9a22284fe3817be447336de3de66b15e -> 
  custom:container-demuxer-webm: 4f35f7cbe854078d1ac9338744f61a02 -> 
  custom:scripting/precompiled-assembly-types:DOTweenUpgradeManager: 16e542c52fa73d4cbcd5cf54d161ea3b -> 
  custom:audio-encoder-webm-vorbis: bf7c407c2cedff20999df2af8eb42d56 -> 
  custom:scripting/precompiled-assembly-types:Assembly-CSharp: 226d197ebf03d5721ddf4667e87b7448 -> 95615498c1661d1d7e38362962995fd0
  custom:container-muxer-webm: aa71ff27fc2769a1b78a27578f13a17b -> 
========================================================================
Received Import Request.
  Time since last request: 215.643539 seconds.
  path: Assets/HedgeMat.mat
  artifactKey: Guid(cec24e7b6b93346be884a59ae8743f9b) Importer(815301076,1909f56bfc062723c751e8b465ee728b)
Start importing Assets/HedgeMat.mat using Guid(cec24e7b6b93346be884a59ae8743f9b) Importer(815301076,1909f56bfc062723c751e8b465ee728b) [PhysX] Initialized MultithreadedTaskDispatcher with 8 workers.
[PhysX] Initialized MultithreadedTaskDispatcher with 8 workers.
 -> (artifact id: '7f2b122dc323879bd7e8c4107004e312') in 0.504714 seconds
Number of updated asset objects reloaded before import = 0
Number of asset objects unloaded after import = 2
========================================================================
Received Import Request.
  Time since last request: 0.000120 seconds.
  path: Assets/SecretDoor.prefab
  artifactKey: Guid(d61a94357325541c0bc686dcbeff6816) Importer(815301076,1909f56bfc062723c751e8b465ee728b)
Start importing Assets/SecretDoor.prefab using Guid(d61a94357325541c0bc686dcbeff6816) Importer(815301076,1909f56bfc062723c751e8b465ee728b) [PhysX] Initialized MultithreadedTaskDispatcher with 8 workers.
[PhysX] Initialized MultithreadedTaskDispatcher with 8 workers.
 -> (artifact id: '4f69ae6c242ef3afea7f9de6bcbb632a') in 0.048709 seconds
Number of updated asset objects reloaded before import = 0
Number of asset objects unloaded after import = 16
========================================================================
Received Prepare
Refreshing native plugins compatible for Editor in 6.36 ms, found 9 plugins.
Preloading 1 native plugins for Editor in 0.35 ms.
Unloading 0 Unused Serialized files (Serialized files now loaded: 0)
Unloading 0 unused Assets / (0 B). Loaded Objects now: 3322.
Memory consumption went from 92.1 MB to 92.1 MB.
Total: 5.227153 ms (FindLiveObjects: 0.272719 ms CreateObjectMapping: 0.182881 ms MarkObjects: 4.762202 ms  DeleteObjects: 0.008381 ms)

Prepare: number of updated asset objects reloaded= 0
AssetImportParameters requested are different than current active one (requested -> active):
  custom:video-decoder-webm-vp8: 9c59270c3fd7afecdb556c50c9e8de78 -> 
  custom:SearchIndexIgnoredProperties: e643bd26f0fe6173181afceb89e7c659 -> 
  custom:scripting/monoscript/fileName/DOTweenModuleUtils.cs: 34ad347c902a97803d1c13fe65e97957 -> 
  custom:container-demuxer-ogg: 62fdf1f143b41e24485cea50d1cbac27 -> 
  custom:AudioImporter_EditorPlatform: 3918e3fc78b5a79bad01e8451be0beb8 -> 
  custom:scripting/monoscript/fileName/DoSquenceCode.cs: 2fdf7f871b4183857fec8c49c6580e5c -> 
  custom:scripting/monoscript/fileName/DOTweenModuleAudio.cs: 371877257ce39f5f0996ea556debbc8a -> 
  custom:scripting/monoscript/fileName/DOTweenModulePhysics2D.cs: 63b0e5981d81d026672954b54596f5ae -> 
  custom:scripting/precompiled-assembly-types:DOTweenEditor: 1efdf497b099e4e6944f0dd7fb28c744 -> 
  custom:video-decoder-ogg-theora: a1e56fd34408186e4bbccfd4996cb3dc -> 
  custom:scripting/monoscript/fileName/DOTweenModuleUnityVersion.cs: 5fda8b30fb2f0276062c9b201e3b53c4 -> 
  custom:scripting/monoscript/fileName/DOTweenModuleUI.cs: 53c26b618f695b59a868eebdc97332ad -> 
  custom:framework-osx-AVFoundation: e770b220cccbd017edd2c1fefb359320 -> 
  custom:scripting/precompiled-assembly-types:Assembly-CSharp-firstpass: c3b8ba213efe735b4b5ada0ee074dcb3 -> 
  custom:scripting/monoscript/fileName/DOTweenModuleSprite.cs: e35fb5eb1c483cffc283a374a5e25466 -> 
  custom:scripting/precompiled-assembly-types:DOTween: 41770a3e10244ae0a34e714162bbdba6 -> 
  custom:video-encoder-webm-vp8: eb34c28f22e8b96e1ab97ce403110664 -> 
  custom:scripting/monoscript/fileName/DOTweenModulePhysics.cs: 87f8974001cd2397421cfdcad1904e83 -> 
  custom:audio-decoder-ogg-vorbis: bf7c407c2cedff20999df2af8eb42d56 -> 
  custom:CustomObjectIndexerAttribute: 9a22284fe3817be447336de3de66b15e -> 
  custom:container-demuxer-webm: 4f35f7cbe854078d1ac9338744f61a02 -> 
  custom:scripting/precompiled-assembly-types:DOTweenUpgradeManager: 16e542c52fa73d4cbcd5cf54d161ea3b -> 
  custom:audio-encoder-webm-vorbis: bf7c407c2cedff20999df2af8eb42d56 -> 
  custom:scripting/precompiled-assembly-types:Assembly-CSharp: 226d197ebf03d5721ddf4667e87b7448 -> 95615498c1661d1d7e38362962995fd0
  custom:container-muxer-webm: aa71ff27fc2769a1b78a27578f13a17b -> 
========================================================================
Received Prepare
Refreshing native plugins compatible for Editor in 93.02 ms, found 9 plugins.
Preloading 1 native plugins for Editor in 1.51 ms.
Unloading 0 Unused Serialized files (Serialized files now loaded: 0)
Unloading 0 unused Assets / (0 B). Loaded Objects now: 3322.
Memory consumption went from 91.8 MB to 91.8 MB.
Total: 154.320521 ms (FindLiveObjects: 3.554893 ms CreateObjectMapping: 0.288414 ms MarkObjects: 150.454549 ms  DeleteObjects: 0.021190 ms)

Prepare: number of updated asset objects reloaded= 0
AssetImportParameters requested are different than current active one (requested -> active):
  custom:video-decoder-webm-vp8: 9c59270c3fd7afecdb556c50c9e8de78 -> 
  custom:SearchIndexIgnoredProperties: e643bd26f0fe6173181afceb89e7c659 -> 
  custom:scripting/monoscript/fileName/DOTweenModuleUtils.cs: 34ad347c902a97803d1c13fe65e97957 -> 
  custom:container-demuxer-ogg: 62fdf1f143b41e24485cea50d1cbac27 -> 
  custom:AudioImporter_EditorPlatform: 3918e3fc78b5a79bad01e8451be0beb8 -> 
  custom:scripting/monoscript/fileName/DoSquenceCode.cs: 2fdf7f871b4183857fec8c49c6580e5c -> 
  custom:scripting/monoscript/fileName/DOTweenModuleAudio.cs: 371877257ce39f5f0996ea556debbc8a -> 
  custom:scripting/monoscript/fileName/DOTweenModulePhysics2D.cs: 63b0e5981d81d026672954b54596f5ae -> 
  custom:scripting/precompiled-assembly-types:DOTweenEditor: 1efdf497b099e4e6944f0dd7fb28c744 -> 
  custom:video-decoder-ogg-theora: a1e56fd34408186e4bbccfd4996cb3dc -> 
  custom:scripting/monoscript/fileName/DOTweenModuleUnityVersion.cs: 5fda8b30fb2f0276062c9b201e3b53c4 -> 
  custom:scripting/monoscript/fileName/DOTweenModuleUI.cs: 53c26b618f695b59a868eebdc97332ad -> 
  custom:framework-osx-AVFoundation: e770b220cccbd017edd2c1fefb359320 -> 
  custom:scripting/precompiled-assembly-types:Assembly-CSharp-firstpass: c3b8ba213efe735b4b5ada0ee074dcb3 -> 
  custom:scripting/monoscript/fileName/DOTweenModuleSprite.cs: e35fb5eb1c483cffc283a374a5e25466 -> 
  custom:scripting/precompiled-assembly-types:DOTween: 41770a3e10244ae0a34e714162bbdba6 -> 
  custom:video-encoder-webm-vp8: eb34c28f22e8b96e1ab97ce403110664 -> 
  custom:scripting/monoscript/fileName/DOTweenModulePhysics.cs: 87f8974001cd2397421cfdcad1904e83 -> 
  custom:audio-decoder-ogg-vorbis: bf7c407c2cedff20999df2af8eb42d56 -> 
  custom:CustomObjectIndexerAttribute: 9a22284fe3817be447336de3de66b15e -> 
  custom:container-demuxer-webm: 4f35f7cbe854078d1ac9338744f61a02 -> 
  custom:scripting/precompiled-assembly-types:DOTweenUpgradeManager: 16e542c52fa73d4cbcd5cf54d161ea3b -> 
  custom:audio-encoder-webm-vorbis: bf7c407c2cedff20999df2af8eb42d56 -> 
  custom:scripting/precompiled-assembly-types:Assembly-CSharp: 226d197ebf03d5721ddf4667e87b7448 -> 95615498c1661d1d7e38362962995fd0
  custom:container-muxer-webm: aa71ff27fc2769a1b78a27578f13a17b -> 
========================================================================
Received Prepare
Refreshing native plugins compatible for Editor in 8.22 ms, found 9 plugins.
Preloading 1 native plugins for Editor in 0.37 ms.
Unloading 0 Unused Serialized files (Serialized files now loaded: 0)
Unloading 0 unused Assets / (0 B). Loaded Objects now: 3322.
Memory consumption went from 91.4 MB to 91.4 MB.
Total: 6.467455 ms (FindLiveObjects: 0.324184 ms CreateObjectMapping: 0.228439 ms MarkObjects: 5.885727 ms  DeleteObjects: 0.027342 ms)

Prepare: number of updated asset objects reloaded= 0
AssetImportParameters requested are different than current active one (requested -> active):
  custom:video-decoder-webm-vp8: 9c59270c3fd7afecdb556c50c9e8de78 -> 
  custom:SearchIndexIgnoredProperties: e643bd26f0fe6173181afceb89e7c659 -> 
  custom:scripting/monoscript/fileName/DOTweenModuleUtils.cs: 34ad347c902a97803d1c13fe65e97957 -> 
  custom:container-demuxer-ogg: 62fdf1f143b41e24485cea50d1cbac27 -> 
  custom:AudioImporter_EditorPlatform: 3918e3fc78b5a79bad01e8451be0beb8 -> 
  custom:scripting/monoscript/fileName/DoSquenceCode.cs: 2fdf7f871b4183857fec8c49c6580e5c -> 
  custom:scripting/monoscript/fileName/DOTweenModuleAudio.cs: 371877257ce39f5f0996ea556debbc8a -> 
  custom:scripting/monoscript/fileName/DOTweenModulePhysics2D.cs: 63b0e5981d81d026672954b54596f5ae -> 
  custom:scripting/precompiled-assembly-types:DOTweenEditor: 1efdf497b099e4e6944f0dd7fb28c744 -> 
  custom:video-decoder-ogg-theora: a1e56fd34408186e4bbccfd4996cb3dc -> 
  custom:scripting/monoscript/fileName/DOTweenModuleUnityVersion.cs: 5fda8b30fb2f0276062c9b201e3b53c4 -> 
  custom:scripting/monoscript/fileName/DOTweenModuleUI.cs: 53c26b618f695b59a868eebdc97332ad -> 
  custom:framework-osx-AVFoundation: e770b220cccbd017edd2c1fefb359320 -> 
  custom:scripting/precompiled-assembly-types:Assembly-CSharp-firstpass: c3b8ba213efe735b4b5ada0ee074dcb3 -> 
  custom:scripting/monoscript/fileName/DOTweenModuleSprite.cs: e35fb5eb1c483cffc283a374a5e25466 -> 
  custom:scripting/precompiled-assembly-types:DOTween: 41770a3e10244ae0a34e714162bbdba6 -> 
  custom:video-encoder-webm-vp8: eb34c28f22e8b96e1ab97ce403110664 -> 
  custom:scripting/monoscript/fileName/DOTweenModulePhysics.cs: 87f8974001cd2397421cfdcad1904e83 -> 
  custom:audio-decoder-ogg-vorbis: bf7c407c2cedff20999df2af8eb42d56 -> 
  custom:CustomObjectIndexerAttribute: 9a22284fe3817be447336de3de66b15e -> 
  custom:container-demuxer-webm: 4f35f7cbe854078d1ac9338744f61a02 -> 
  custom:scripting/precompiled-assembly-types:DOTweenUpgradeManager: 16e542c52fa73d4cbcd5cf54d161ea3b -> 
  custom:audio-encoder-webm-vorbis: bf7c407c2cedff20999df2af8eb42d56 -> 
  custom:scripting/precompiled-assembly-types:Assembly-CSharp: 226d197ebf03d5721ddf4667e87b7448 -> 95615498c1661d1d7e38362962995fd0
  custom:container-muxer-webm: aa71ff27fc2769a1b78a27578f13a17b -> 
========================================================================
Received Prepare
Refreshing native plugins compatible for Editor in 6.65 ms, found 9 plugins.
Preloading 1 native plugins for Editor in 0.40 ms.
Unloading 0 Unused Serialized files (Serialized files now loaded: 0)
Unloading 0 unused Assets / (0 B). Loaded Objects now: 3322.
Memory consumption went from 91.1 MB to 91.1 MB.
Total: 5.299467 ms (FindLiveObjects: 0.316366 ms CreateObjectMapping: 0.207838 ms MarkObjects: 4.764585 ms  DeleteObjects: 0.009414 ms)

Prepare: number of updated asset objects reloaded= 0
AssetImportParameters requested are different than current active one (requested -> active):
  custom:video-decoder-webm-vp8: 9c59270c3fd7afecdb556c50c9e8de78 -> 
  custom:SearchIndexIgnoredProperties: e643bd26f0fe6173181afceb89e7c659 -> 
  custom:scripting/monoscript/fileName/DOTweenModuleUtils.cs: 34ad347c902a97803d1c13fe65e97957 -> 
  custom:container-demuxer-ogg: 62fdf1f143b41e24485cea50d1cbac27 -> 
  custom:AudioImporter_EditorPlatform: 3918e3fc78b5a79bad01e8451be0beb8 -> 
  custom:scripting/monoscript/fileName/DoSquenceCode.cs: 2fdf7f871b4183857fec8c49c6580e5c -> 
  custom:scripting/monoscript/fileName/DOTweenModuleAudio.cs: 371877257ce39f5f0996ea556debbc8a -> 
  custom:scripting/monoscript/fileName/DOTweenModulePhysics2D.cs: 63b0e5981d81d026672954b54596f5ae -> 
  custom:scripting/precompiled-assembly-types:DOTweenEditor: 1efdf497b099e4e6944f0dd7fb28c744 -> 
  custom:video-decoder-ogg-theora: a1e56fd34408186e4bbccfd4996cb3dc -> 
  custom:scripting/monoscript/fileName/DOTweenModuleUnityVersion.cs: 5fda8b30fb2f0276062c9b201e3b53c4 -> 
  custom:scripting/monoscript/fileName/DOTweenModuleUI.cs: 53c26b618f695b59a868eebdc97332ad -> 
  custom:framework-osx-AVFoundation: e770b220cccbd017edd2c1fefb359320 -> 
  custom:scripting/precompiled-assembly-types:Assembly-CSharp-firstpass: c3b8ba213efe735b4b5ada0ee074dcb3 -> 
  custom:scripting/monoscript/fileName/DOTweenModuleSprite.cs: e35fb5eb1c483cffc283a374a5e25466 -> 
  custom:scripting/precompiled-assembly-types:DOTween: 41770a3e10244ae0a34e714162bbdba6 -> 
  custom:video-encoder-webm-vp8: eb34c28f22e8b96e1ab97ce403110664 -> 
  custom:scripting/monoscript/fileName/DOTweenModulePhysics.cs: 87f8974001cd2397421cfdcad1904e83 -> 
  custom:audio-decoder-ogg-vorbis: bf7c407c2cedff20999df2af8eb42d56 -> 
  custom:CustomObjectIndexerAttribute: 9a22284fe3817be447336de3de66b15e -> 
  custom:container-demuxer-webm: 4f35f7cbe854078d1ac9338744f61a02 -> 
  custom:scripting/precompiled-assembly-types:DOTweenUpgradeManager: 16e542c52fa73d4cbcd5cf54d161ea3b -> 
  custom:audio-encoder-webm-vorbis: bf7c407c2cedff20999df2af8eb42d56 -> 
  custom:scripting/precompiled-assembly-types:Assembly-CSharp: 226d197ebf03d5721ddf4667e87b7448 -> 95615498c1661d1d7e38362962995fd0
  custom:container-muxer-webm: aa71ff27fc2769a1b78a27578f13a17b -> 
========================================================================
Received Prepare
Refreshing native plugins compatible for Editor in 12.22 ms, found 9 plugins.
Preloading 1 native plugins for Editor in 0.78 ms.
Unloading 0 Unused Serialized files (Serialized files now loaded: 0)
Unloading 0 unused Assets / (0 B). Loaded Objects now: 3322.
Memory consumption went from 90.8 MB to 90.8 MB.
Total: 79.611954 ms (FindLiveObjects: 1.483128 ms CreateObjectMapping: 0.238907 ms MarkObjects: 77.847931 ms  DeleteObjects: 0.040493 ms)

Prepare: number of updated asset objects reloaded= 0
AssetImportParameters requested are different than current active one (requested -> active):
  custom:video-decoder-webm-vp8: 9c59270c3fd7afecdb556c50c9e8de78 -> 
  custom:SearchIndexIgnoredProperties: e643bd26f0fe6173181afceb89e7c659 -> 
  custom:scripting/monoscript/fileName/DOTweenModuleUtils.cs: 34ad347c902a97803d1c13fe65e97957 -> 
  custom:container-demuxer-ogg: 62fdf1f143b41e24485cea50d1cbac27 -> 
  custom:AudioImporter_EditorPlatform: 3918e3fc78b5a79bad01e8451be0beb8 -> 
  custom:scripting/monoscript/fileName/DoSquenceCode.cs: 2fdf7f871b4183857fec8c49c6580e5c -> 
  custom:scripting/monoscript/fileName/DOTweenModuleAudio.cs: 371877257ce39f5f0996ea556debbc8a -> 
  custom:scripting/monoscript/fileName/DOTweenModulePhysics2D.cs: 63b0e5981d81d026672954b54596f5ae -> 
  custom:scripting/precompiled-assembly-types:DOTweenEditor: 1efdf497b099e4e6944f0dd7fb28c744 -> 
  custom:video-decoder-ogg-theora: a1e56fd34408186e4bbccfd4996cb3dc -> 
  custom:scripting/monoscript/fileName/DOTweenModuleUnityVersion.cs: 5fda8b30fb2f0276062c9b201e3b53c4 -> 
  custom:scripting/monoscript/fileName/DOTweenModuleUI.cs: 53c26b618f695b59a868eebdc97332ad -> 
  custom:framework-osx-AVFoundation: e770b220cccbd017edd2c1fefb359320 -> 
  custom:scripting/precompiled-assembly-types:Assembly-CSharp-firstpass: c3b8ba213efe735b4b5ada0ee074dcb3 -> 
  custom:scripting/monoscript/fileName/DOTweenModuleSprite.cs: e35fb5eb1c483cffc283a374a5e25466 -> 
  custom:scripting/precompiled-assembly-types:DOTween: 41770a3e10244ae0a34e714162bbdba6 -> 
  custom:video-encoder-webm-vp8: eb34c28f22e8b96e1ab97ce403110664 -> 
  custom:scripting/monoscript/fileName/DOTweenModulePhysics.cs: 87f8974001cd2397421cfdcad1904e83 -> 
  custom:audio-decoder-ogg-vorbis: bf7c407c2cedff20999df2af8eb42d56 -> 
  custom:CustomObjectIndexerAttribute: 9a22284fe3817be447336de3de66b15e -> 
  custom:container-demuxer-webm: 4f35f7cbe854078d1ac9338744f61a02 -> 
  custom:scripting/precompiled-assembly-types:DOTweenUpgradeManager: 16e542c52fa73d4cbcd5cf54d161ea3b -> 
  custom:audio-encoder-webm-vorbis: bf7c407c2cedff20999df2af8eb42d56 -> 
  custom:scripting/precompiled-assembly-types:Assembly-CSharp: 226d197ebf03d5721ddf4667e87b7448 -> 95615498c1661d1d7e38362962995fd0
  custom:container-muxer-webm: aa71ff27fc2769a1b78a27578f13a17b -> 
========================================================================
Received Prepare
Caller must complete domain reload
Begin MonoManager ReloadAssembly
- Loaded All Assemblies, in  1.256 seconds
Native extension for Android target not found
Native extension for OSXStandalone target not found
Native extension for WebGL target not found
[Package Manager] Server::EnsureServerProcessIsRunning -- launch failed, reason: Unity was launched with the -noUpm command-line argument
[Package Manager] UpmClient::Send -- Unable to send message (not connected to UPM process).
[Package Manager] Cannot connect to Unity Package Manager local server
[Package Manager] Server::EnsureServerProcessIsRunning -- launch failed, reason: Unity was launched with the -noUpm command-line argument
[Package Manager] UpmClient::Send -- Unable to send message (not connected to UPM process).
[Package Manager] Cannot connect to Unity Package Manager local server
Mono: successfully reloaded assembly
[Package Manager] Server::EnsureServerProcessIsRunning -- launch failed, reason: Unity was launched with the -noUpm command-line argument
[Package Manager] UpmClient::Send -- Unable to send message (not connected to UPM process).
[Package Manager] Cannot connect to Unity Package Manager local server
- Finished resetting the current domain, in  1.947 seconds
Domain Reload Profiling: 3204ms
	BeginReloadAssembly (420ms)
		ExecutionOrderSort (0ms)
		DisableScriptedObjects (13ms)
		BackupInstance (0ms)
		ReleaseScriptingObjects (0ms)
		CreateAndSetChildDomain (145ms)
	RebuildCommonClasses (76ms)
	RebuildNativeTypeToScriptingClass (23ms)
	initialDomainReloadingComplete (61ms)
	LoadAllAssembliesAndSetupDomain (675ms)
		LoadAssemblies (740ms)
		RebuildTransferFunctionScriptingTraits (0ms)
		AnalyzeDomain (114ms)
			TypeCache.Refresh (47ms)
				TypeCache.ScanAssembly (1ms)
			ScanForSourceGeneratedMonoScriptInfo (47ms)
			ResolveRequiredComponents (16ms)
	FinalizeReload (1948ms)
		ReleaseScriptCaches (0ms)
		RebuildScriptCaches (0ms)
		SetupLoadedEditorAssemblies (770ms)
			LogAssemblyErrors (0ms)
			InitializePlatformSupportModulesInManaged (28ms)
			SetLoadedEditorAssemblies (7ms)
			RefreshPlugins (0ms)
			BeforeProcessingInitializeOnLoad (74ms)
			ProcessInitializeOnLoadAttributes (589ms)
			ProcessInitializeOnLoadMethodAttributes (70ms)
			AfterProcessingInitializeOnLoad (1ms)
			EditorAssembliesLoaded (0ms)
		ExecutionOrderSort2 (0ms)
		AwakeInstancesAfterBackupRestoration (9ms)
Refreshing native plugins compatible for Editor in 6.68 ms, found 9 plugins.
Preloading 1 native plugins for Editor in 0.38 ms.
Unloading 2765 Unused Serialized files (Serialized files now loaded: 0)
Unloading 68 unused Assets / (55.1 KB). Loaded Objects now: 3326.
Memory consumption went from 139.8 MB to 139.7 MB.
Total: 4.695681 ms (FindLiveObjects: 0.258772 ms CreateObjectMapping: 0.220477 ms MarkObjects: 4.106021 ms  DeleteObjects: 0.109445 ms)

Prepare: number of updated asset objects reloaded= 0
AssetImportParameters requested are different than current active one (requested -> active):
  custom:video-decoder-webm-vp8: 9c59270c3fd7afecdb556c50c9e8de78 -> 
  custom:SearchIndexIgnoredProperties: e643bd26f0fe6173181afceb89e7c659 -> 
  custom:scripting/monoscript/fileName/DOTweenModuleUtils.cs: 34ad347c902a97803d1c13fe65e97957 -> 
  custom:container-demuxer-ogg: 62fdf1f143b41e24485cea50d1cbac27 -> 
  custom:AudioImporter_EditorPlatform: 3918e3fc78b5a79bad01e8451be0beb8 -> 
  custom:scripting/monoscript/fileName/DoSquenceCode.cs: 2fdf7f871b4183857fec8c49c6580e5c -> 
  custom:scripting/monoscript/fileName/DOTweenModuleAudio.cs: 371877257ce39f5f0996ea556debbc8a -> 
  custom:scripting/monoscript/fileName/DOTweenModulePhysics2D.cs: 63b0e5981d81d026672954b54596f5ae -> 
  custom:scripting/precompiled-assembly-types:DOTweenEditor: 1efdf497b099e4e6944f0dd7fb28c744 -> 
  custom:video-decoder-ogg-theora: a1e56fd34408186e4bbccfd4996cb3dc -> 
  custom:scripting/monoscript/fileName/DOTweenModuleUnityVersion.cs: 5fda8b30fb2f0276062c9b201e3b53c4 -> 
  custom:scripting/monoscript/fileName/DOTweenModuleUI.cs: 53c26b618f695b59a868eebdc97332ad -> 
  custom:framework-osx-AVFoundation: e770b220cccbd017edd2c1fefb359320 -> 
  custom:scripting/precompiled-assembly-types:Assembly-CSharp-firstpass: c3b8ba213efe735b4b5ada0ee074dcb3 -> 
  custom:scripting/monoscript/fileName/DOTweenModuleSprite.cs: e35fb5eb1c483cffc283a374a5e25466 -> 
  custom:scripting/precompiled-assembly-types:DOTween: 41770a3e10244ae0a34e714162bbdba6 -> 
  custom:video-encoder-webm-vp8: eb34c28f22e8b96e1ab97ce403110664 -> 
  custom:scripting/monoscript/fileName/DOTweenModulePhysics.cs: 87f8974001cd2397421cfdcad1904e83 -> 
  custom:audio-decoder-ogg-vorbis: bf7c407c2cedff20999df2af8eb42d56 -> 
  custom:CustomObjectIndexerAttribute: 9a22284fe3817be447336de3de66b15e -> 
  custom:container-demuxer-webm: 4f35f7cbe854078d1ac9338744f61a02 -> 
  custom:scripting/precompiled-assembly-types:DOTweenUpgradeManager: 16e542c52fa73d4cbcd5cf54d161ea3b -> 
  custom:audio-encoder-webm-vorbis: bf7c407c2cedff20999df2af8eb42d56 -> 
  custom:scripting/monoscript/fileName/DoTweenCode.cs: 7e803ff7efa5a99f766b128d696ef0e7 -> 
  custom:scripting/precompiled-assembly-types:Assembly-CSharp: 3186f6966442edadaef376ec18665afa -> 95615498c1661d1d7e38362962995fd0
  custom:container-muxer-webm: aa71ff27fc2769a1b78a27578f13a17b -> 
========================================================================
Received Import Request.
  Time since last request: 3736.454913 seconds.
  path: Assets/DoTweenCode.cs
  artifactKey: Guid(231c2ce770ba649bb89e68668415da57) Importer(815301076,1909f56bfc062723c751e8b465ee728b)
Start importing Assets/DoTweenCode.cs using Guid(231c2ce770ba649bb89e68668415da57) Importer(815301076,1909f56bfc062723c751e8b465ee728b) [PhysX] Initialized MultithreadedTaskDispatcher with 8 workers.
 -> (artifact id: 'be21d94be28df3fe3ed8e86ddfdc82af') in 0.003889 seconds
Number of updated asset objects reloaded before import = 0
Number of asset objects unloaded after import = 0
========================================================================
Received Import Request.
  Time since last request: 446.292551 seconds.
  path: Assets/pickUpCube.prefab
  artifactKey: Guid(f96eacc7cd3b6436393b830562f659b6) Importer(815301076,1909f56bfc062723c751e8b465ee728b)
Start importing Assets/pickUpCube.prefab using Guid(f96eacc7cd3b6436393b830562f659b6) Importer(815301076,1909f56bfc062723c751e8b465ee728b) [PhysX] Initialized MultithreadedTaskDispatcher with 8 workers.
 -> (artifact id: '131036c9c8de0ac6ac3d0ebfff8f6943') in 0.026438 seconds
Number of updated asset objects reloaded before import = 0
Number of asset objects unloaded after import = 0
========================================================================
Received Import Request.
  Time since last request: 15.953302 seconds.
  path: Assets/pickUpCube.prefab
  artifactKey: Guid(f96eacc7cd3b6436393b830562f659b6) Importer(815301076,1909f56bfc062723c751e8b465ee728b)
Start importing Assets/pickUpCube.prefab using Guid(f96eacc7cd3b6436393b830562f659b6) Importer(815301076,1909f56bfc062723c751e8b465ee728b) [PhysX] Initialized MultithreadedTaskDispatcher with 8 workers.
 -> (artifact id: '131036c9c8de0ac6ac3d0ebfff8f6943') in 0.007431 seconds
Number of updated asset objects reloaded before import = 0
Number of asset objects unloaded after import = 0
========================================================================
Received Import Request.
  Time since last request: 54.704938 seconds.
  path: Assets/pickUpCube.prefab
  artifactKey: Guid(f96eacc7cd3b6436393b830562f659b6) Importer(815301076,1909f56bfc062723c751e8b465ee728b)
Start importing Assets/pickUpCube.prefab using Guid(f96eacc7cd3b6436393b830562f659b6) Importer(815301076,1909f56bfc062723c751e8b465ee728b) [PhysX] Initialized MultithreadedTaskDispatcher with 8 workers.
 -> (artifact id: '131036c9c8de0ac6ac3d0ebfff8f6943') in 0.011324 seconds
Number of updated asset objects reloaded before import = 0
Number of asset objects unloaded after import = 0
========================================================================
Received Import Request.
  Time since last request: 9.190186 seconds.
  path: Assets/pickUpCube.prefab
  artifactKey: Guid(f96eacc7cd3b6436393b830562f659b6) Importer(815301076,1909f56bfc062723c751e8b465ee728b)
Start importing Assets/pickUpCube.prefab using Guid(f96eacc7cd3b6436393b830562f659b6) Importer(815301076,1909f56bfc062723c751e8b465ee728b) [PhysX] Initialized MultithreadedTaskDispatcher with 8 workers.
 -> (artifact id: '131036c9c8de0ac6ac3d0ebfff8f6943') in 0.002550 seconds
Number of updated asset objects reloaded before import = 0
Number of asset objects unloaded after import = 0
========================================================================
Received Import Request.
  Time since last request: 20.127314 seconds.
  path: Assets/pickUpCube.prefab
  artifactKey: Guid(f96eacc7cd3b6436393b830562f659b6) Importer(815301076,1909f56bfc062723c751e8b465ee728b)
Start importing Assets/pickUpCube.prefab using Guid(f96eacc7cd3b6436393b830562f659b6) Importer(815301076,1909f56bfc062723c751e8b465ee728b) [PhysX] Initialized MultithreadedTaskDispatcher with 8 workers.
 -> (artifact id: '131036c9c8de0ac6ac3d0ebfff8f6943') in 0.001570 seconds
Number of updated asset objects reloaded before import = 0
Number of asset objects unloaded after import = 0
========================================================================
Received Prepare
Caller must complete domain reload
Begin MonoManager ReloadAssembly
- Loaded All Assemblies, in  1.158 seconds
Native extension for Android target not found
Native extension for OSXStandalone target not found
Native extension for WebGL target not found
[Package Manager] Server::EnsureServerProcessIsRunning -- launch failed, reason: Unity was launched with the -noUpm command-line argument
[Package Manager] UpmClient::Send -- Unable to send message (not connected to UPM process).
[Package Manager] Cannot connect to Unity Package Manager local server
[Package Manager] Server::EnsureServerProcessIsRunning -- launch failed, reason: Unity was launched with the -noUpm command-line argument
[Package Manager] UpmClient::Send -- Unable to send message (not connected to UPM process).
[Package Manager] Cannot connect to Unity Package Manager local server
Mono: successfully reloaded assembly
[Package Manager] Server::EnsureServerProcessIsRunning -- launch failed, reason: Unity was launched with the -noUpm command-line argument
[Package Manager] UpmClient::Send -- Unable to send message (not connected to UPM process).
[Package Manager] Cannot connect to Unity Package Manager local server
- Finished resetting the current domain, in  2.223 seconds
Domain Reload Profiling: 3382ms
	BeginReloadAssembly (514ms)
		ExecutionOrderSort (0ms)
		DisableScriptedObjects (16ms)
		BackupInstance (0ms)
		ReleaseScriptingObjects (0ms)
		CreateAndSetChildDomain (172ms)
	RebuildCommonClasses (77ms)
	RebuildNativeTypeToScriptingClass (19ms)
	initialDomainReloadingComplete (41ms)
	LoadAllAssembliesAndSetupDomain (508ms)
		LoadAssemblies (674ms)
		RebuildTransferFunctionScriptingTraits (0ms)
		AnalyzeDomain (73ms)
			TypeCache.Refresh (18ms)
				TypeCache.ScanAssembly (1ms)
			ScanForSourceGeneratedMonoScriptInfo (41ms)
			ResolveRequiredComponents (10ms)
	FinalizeReload (2224ms)
		ReleaseScriptCaches (0ms)
		RebuildScriptCaches (0ms)
		SetupLoadedEditorAssemblies (1177ms)
			LogAssemblyErrors (0ms)
			InitializePlatformSupportModulesInManaged (30ms)
			SetLoadedEditorAssemblies (7ms)
			RefreshPlugins (0ms)
			BeforeProcessingInitializeOnLoad (90ms)
			ProcessInitializeOnLoadAttributes (941ms)
			ProcessInitializeOnLoadMethodAttributes (106ms)
			AfterProcessingInitializeOnLoad (2ms)
			EditorAssembliesLoaded (0ms)
		ExecutionOrderSort2 (0ms)
		AwakeInstancesAfterBackupRestoration (15ms)
Refreshing native plugins compatible for Editor in 10.57 ms, found 9 plugins.
Preloading 1 native plugins for Editor in 0.63 ms.
Unloading 2765 Unused Serialized files (Serialized files now loaded: 0)
Unloading 68 unused Assets / (55.1 KB). Loaded Objects now: 3330.
Memory consumption went from 145.2 MB to 145.2 MB.
Total: 8.361967 ms (FindLiveObjects: 1.121802 ms CreateObjectMapping: 0.300608 ms MarkObjects: 6.719772 ms  DeleteObjects: 0.218222 ms)

Prepare: number of updated asset objects reloaded= 0
AssetImportParameters requested are different than current active one (requested -> active):
  custom:video-decoder-webm-vp8: 9c59270c3fd7afecdb556c50c9e8de78 -> 
  custom:SearchIndexIgnoredProperties: e643bd26f0fe6173181afceb89e7c659 -> 
  custom:scripting/monoscript/fileName/DOTweenModuleUtils.cs: 34ad347c902a97803d1c13fe65e97957 -> 
  custom:container-demuxer-ogg: 62fdf1f143b41e24485cea50d1cbac27 -> 
  custom:AudioImporter_EditorPlatform: 3918e3fc78b5a79bad01e8451be0beb8 -> 
  custom:scripting/monoscript/fileName/DoSquenceCode.cs: 2fdf7f871b4183857fec8c49c6580e5c -> 
  custom:scripting/monoscript/fileName/DOTweenModuleAudio.cs: 371877257ce39f5f0996ea556debbc8a -> 
  custom:scripting/monoscript/fileName/DOTweenModulePhysics2D.cs: 63b0e5981d81d026672954b54596f5ae -> 
  custom:scripting/precompiled-assembly-types:DOTweenEditor: 1efdf497b099e4e6944f0dd7fb28c744 -> 
  custom:video-decoder-ogg-theora: a1e56fd34408186e4bbccfd4996cb3dc -> 
  custom:scripting/monoscript/fileName/DOTweenModuleUnityVersion.cs: 5fda8b30fb2f0276062c9b201e3b53c4 -> 
  custom:scripting/monoscript/fileName/DOTweenModuleUI.cs: 53c26b618f695b59a868eebdc97332ad -> 
  custom:framework-osx-AVFoundation: e770b220cccbd017edd2c1fefb359320 -> 
  custom:scripting/precompiled-assembly-types:Assembly-CSharp-firstpass: c3b8ba213efe735b4b5ada0ee074dcb3 -> 
  custom:scripting/monoscript/fileName/DOTweenModuleSprite.cs: e35fb5eb1c483cffc283a374a5e25466 -> 
  custom:scripting/precompiled-assembly-types:DOTween: 41770a3e10244ae0a34e714162bbdba6 -> 
  custom:video-encoder-webm-vp8: eb34c28f22e8b96e1ab97ce403110664 -> 
  custom:scripting/monoscript/fileName/DOTweenModulePhysics.cs: 87f8974001cd2397421cfdcad1904e83 -> 
  custom:audio-decoder-ogg-vorbis: bf7c407c2cedff20999df2af8eb42d56 -> 
  custom:CustomObjectIndexerAttribute: 9a22284fe3817be447336de3de66b15e -> 
  custom:container-demuxer-webm: 4f35f7cbe854078d1ac9338744f61a02 -> 
  custom:scripting/precompiled-assembly-types:DOTweenUpgradeManager: 16e542c52fa73d4cbcd5cf54d161ea3b -> 
  custom:audio-encoder-webm-vorbis: bf7c407c2cedff20999df2af8eb42d56 -> 
  custom:scripting/monoscript/fileName/DoTweenCode.cs: 7e803ff7efa5a99f766b128d696ef0e7 -> 
  custom:scripting/precompiled-assembly-types:Assembly-CSharp: 3186f6966442edadaef376ec18665afa -> 95615498c1661d1d7e38362962995fd0
  custom:container-muxer-webm: aa71ff27fc2769a1b78a27578f13a17b -> 
========================================================================
Received Prepare
Caller must complete domain reload
Begin MonoManager ReloadAssembly
- Loaded All Assemblies, in  0.819 seconds
Native extension for Android target not found
Native extension for OSXStandalone target not found
Native extension for WebGL target not found
[Package Manager] Server::EnsureServerProcessIsRunning -- launch failed, reason: Unity was launched with the -noUpm command-line argument
[Package Manager] UpmClient::Send -- Unable to send message (not connected to UPM process).
[Package Manager] Cannot connect to Unity Package Manager local server
[Package Manager] Server::EnsureServerProcessIsRunning -- launch failed, reason: Unity was launched with the -noUpm command-line argument
[Package Manager] UpmClient::Send -- Unable to send message (not connected to UPM process).
[Package Manager] Cannot connect to Unity Package Manager local server
Mono: successfully reloaded assembly
[Package Manager] Server::EnsureServerProcessIsRunning -- launch failed, reason: Unity was launched with the -noUpm command-line argument
[Package Manager] UpmClient::Send -- Unable to send message (not connected to UPM process).
[Package Manager] Cannot connect to Unity Package Manager local server
- Finished resetting the current domain, in  1.758 seconds
Domain Reload Profiling: 2577ms
	BeginReloadAssembly (232ms)
		ExecutionOrderSort (0ms)
		DisableScriptedObjects (6ms)
		BackupInstance (0ms)
		ReleaseScriptingObjects (0ms)
		CreateAndSetChildDomain (76ms)
	RebuildCommonClasses (82ms)
	RebuildNativeTypeToScriptingClass (27ms)
	initialDomainReloadingComplete (40ms)
	LoadAllAssembliesAndSetupDomain (437ms)
		LoadAssemblies (473ms)
		RebuildTransferFunctionScriptingTraits (0ms)
		AnalyzeDomain (64ms)
			TypeCache.Refresh (11ms)
				TypeCache.ScanAssembly (0ms)
			ScanForSourceGeneratedMonoScriptInfo (40ms)
			ResolveRequiredComponents (10ms)
	FinalizeReload (1759ms)
		ReleaseScriptCaches (0ms)
		RebuildScriptCaches (0ms)
		SetupLoadedEditorAssemblies (925ms)
			LogAssemblyErrors (0ms)
			InitializePlatformSupportModulesInManaged (23ms)
			SetLoadedEditorAssemblies (7ms)
			RefreshPlugins (0ms)
			BeforeProcessingInitializeOnLoad (124ms)
			ProcessInitializeOnLoadAttributes (695ms)
			ProcessInitializeOnLoadMethodAttributes (73ms)
			AfterProcessingInitializeOnLoad (2ms)
			EditorAssembliesLoaded (0ms)
		ExecutionOrderSort2 (0ms)
		AwakeInstancesAfterBackupRestoration (12ms)
Refreshing native plugins compatible for Editor in 10.87 ms, found 9 plugins.
Preloading 1 native plugins for Editor in 0.46 ms.
Unloading 2765 Unused Serialized files (Serialized files now loaded: 0)
Unloading 68 unused Assets / (55.1 KB). Loaded Objects now: 3334.
Memory consumption went from 150.5 MB to 150.5 MB.
Total: 6.790966 ms (FindLiveObjects: 0.426401 ms CreateObjectMapping: 0.269326 ms MarkObjects: 5.960814 ms  DeleteObjects: 0.132884 ms)

Prepare: number of updated asset objects reloaded= 0
AssetImportParameters requested are different than current active one (requested -> active):
  custom:video-decoder-webm-vp8: 9c59270c3fd7afecdb556c50c9e8de78 -> 
  custom:SearchIndexIgnoredProperties: e643bd26f0fe6173181afceb89e7c659 -> 
  custom:scripting/monoscript/fileName/DOTweenModuleUtils.cs: 34ad347c902a97803d1c13fe65e97957 -> 
  custom:container-demuxer-ogg: 62fdf1f143b41e24485cea50d1cbac27 -> 
  custom:AudioImporter_EditorPlatform: 3918e3fc78b5a79bad01e8451be0beb8 -> 
  custom:scripting/monoscript/fileName/DoSquenceCode.cs: 2fdf7f871b4183857fec8c49c6580e5c -> 
  custom:scripting/monoscript/fileName/DOTweenModuleAudio.cs: 371877257ce39f5f0996ea556debbc8a -> 
  custom:scripting/monoscript/fileName/DOTweenModulePhysics2D.cs: 63b0e5981d81d026672954b54596f5ae -> 
  custom:scripting/precompiled-assembly-types:DOTweenEditor: 1efdf497b099e4e6944f0dd7fb28c744 -> 
  custom:video-decoder-ogg-theora: a1e56fd34408186e4bbccfd4996cb3dc -> 
  custom:scripting/monoscript/fileName/DOTweenModuleUnityVersion.cs: 5fda8b30fb2f0276062c9b201e3b53c4 -> 
  custom:scripting/monoscript/fileName/DOTweenModuleUI.cs: 53c26b618f695b59a868eebdc97332ad -> 
  custom:framework-osx-AVFoundation: e770b220cccbd017edd2c1fefb359320 -> 
  custom:scripting/precompiled-assembly-types:Assembly-CSharp-firstpass: c3b8ba213efe735b4b5ada0ee074dcb3 -> 
  custom:scripting/monoscript/fileName/DOTweenModuleSprite.cs: e35fb5eb1c483cffc283a374a5e25466 -> 
  custom:scripting/precompiled-assembly-types:DOTween: 41770a3e10244ae0a34e714162bbdba6 -> 
  custom:video-encoder-webm-vp8: eb34c28f22e8b96e1ab97ce403110664 -> 
  custom:scripting/monoscript/fileName/DOTweenModulePhysics.cs: 87f8974001cd2397421cfdcad1904e83 -> 
  custom:audio-decoder-ogg-vorbis: bf7c407c2cedff20999df2af8eb42d56 -> 
  custom:CustomObjectIndexerAttribute: 9a22284fe3817be447336de3de66b15e -> 
  custom:container-demuxer-webm: 4f35f7cbe854078d1ac9338744f61a02 -> 
  custom:scripting/precompiled-assembly-types:DOTweenUpgradeManager: 16e542c52fa73d4cbcd5cf54d161ea3b -> 
  custom:audio-encoder-webm-vorbis: bf7c407c2cedff20999df2af8eb42d56 -> 
  custom:scripting/monoscript/fileName/DoTweenCode.cs: 7e803ff7efa5a99f766b128d696ef0e7 -> 
  custom:scripting/precompiled-assembly-types:Assembly-CSharp: 3186f6966442edadaef376ec18665afa -> 95615498c1661d1d7e38362962995fd0
  custom:container-muxer-webm: aa71ff27fc2769a1b78a27578f13a17b -> 
========================================================================
Received Import Request.
  Time since last request: 149.034366 seconds.
  path: Assets/pickUpCube.prefab
  artifactKey: Guid(f96eacc7cd3b6436393b830562f659b6) Importer(815301076,1909f56bfc062723c751e8b465ee728b)
Start importing Assets/pickUpCube.prefab using Guid(f96eacc7cd3b6436393b830562f659b6) Importer(815301076,1909f56bfc062723c751e8b465ee728b) [PhysX] Initialized MultithreadedTaskDispatcher with 8 workers.
 -> (artifact id: '131036c9c8de0ac6ac3d0ebfff8f6943') in 0.002902 seconds
Number of updated asset objects reloaded before import = 0
Number of asset objects unloaded after import = 0
========================================================================
Received Prepare
Refreshing native plugins compatible for Editor in 14.42 ms, found 9 plugins.
Preloading 1 native plugins for Editor in 0.78 ms.
Unloading 0 Unused Serialized files (Serialized files now loaded: 0)
Unloading 0 unused Assets / (0 B). Loaded Objects now: 3334.
Memory consumption went from 106.6 MB to 106.6 MB.
Total: 11.657395 ms (FindLiveObjects: 0.365853 ms CreateObjectMapping: 0.239032 ms MarkObjects: 11.036587 ms  DeleteObjects: 0.014181 ms)

Prepare: number of updated asset objects reloaded= 0
AssetImportParameters requested are different than current active one (requested -> active):
  custom:video-decoder-webm-vp8: 9c59270c3fd7afecdb556c50c9e8de78 -> 
  custom:SearchIndexIgnoredProperties: e643bd26f0fe6173181afceb89e7c659 -> 
  custom:scripting/monoscript/fileName/DOTweenModuleUtils.cs: 34ad347c902a97803d1c13fe65e97957 -> 
  custom:container-demuxer-ogg: 62fdf1f143b41e24485cea50d1cbac27 -> 
  custom:AudioImporter_EditorPlatform: 3918e3fc78b5a79bad01e8451be0beb8 -> 
  custom:scripting/monoscript/fileName/DoSquenceCode.cs: 2fdf7f871b4183857fec8c49c6580e5c -> 
  custom:scripting/monoscript/fileName/DOTweenModuleAudio.cs: 371877257ce39f5f0996ea556debbc8a -> 
  custom:scripting/monoscript/fileName/DOTweenModulePhysics2D.cs: 63b0e5981d81d026672954b54596f5ae -> 
  custom:scripting/precompiled-assembly-types:DOTweenEditor: 1efdf497b099e4e6944f0dd7fb28c744 -> 
  custom:video-decoder-ogg-theora: a1e56fd34408186e4bbccfd4996cb3dc -> 
  custom:scripting/monoscript/fileName/DOTweenModuleUnityVersion.cs: 5fda8b30fb2f0276062c9b201e3b53c4 -> 
  custom:scripting/monoscript/fileName/DOTweenModuleUI.cs: 53c26b618f695b59a868eebdc97332ad -> 
  custom:framework-osx-AVFoundation: e770b220cccbd017edd2c1fefb359320 -> 
  custom:scripting/precompiled-assembly-types:Assembly-CSharp-firstpass: c3b8ba213efe735b4b5ada0ee074dcb3 -> 
  custom:scripting/monoscript/fileName/DOTweenModuleSprite.cs: e35fb5eb1c483cffc283a374a5e25466 -> 
  custom:scripting/precompiled-assembly-types:DOTween: 41770a3e10244ae0a34e714162bbdba6 -> 
  custom:video-encoder-webm-vp8: eb34c28f22e8b96e1ab97ce403110664 -> 
  custom:scripting/monoscript/fileName/DOTweenModulePhysics.cs: 87f8974001cd2397421cfdcad1904e83 -> 
  custom:audio-decoder-ogg-vorbis: bf7c407c2cedff20999df2af8eb42d56 -> 
  custom:CustomObjectIndexerAttribute: 9a22284fe3817be447336de3de66b15e -> 
  custom:container-demuxer-webm: 4f35f7cbe854078d1ac9338744f61a02 -> 
  custom:scripting/precompiled-assembly-types:DOTweenUpgradeManager: 16e542c52fa73d4cbcd5cf54d161ea3b -> 
  custom:audio-encoder-webm-vorbis: bf7c407c2cedff20999df2af8eb42d56 -> 
  custom:scripting/monoscript/fileName/DoTweenCode.cs: 7e803ff7efa5a99f766b128d696ef0e7 -> 
  custom:scripting/precompiled-assembly-types:Assembly-CSharp: 3186f6966442edadaef376ec18665afa -> 95615498c1661d1d7e38362962995fd0
  custom:container-muxer-webm: aa71ff27fc2769a1b78a27578f13a17b -> 
========================================================================
Received Import Request.
  Time since last request: 37.788239 seconds.
  path: Assets/pickUpCube.prefab
  artifactKey: Guid(f96eacc7cd3b6436393b830562f659b6) Importer(815301076,1909f56bfc062723c751e8b465ee728b)
Start importing Assets/pickUpCube.prefab using Guid(f96eacc7cd3b6436393b830562f659b6) Importer(815301076,1909f56bfc062723c751e8b465ee728b) [PhysX] Initialized MultithreadedTaskDispatcher with 8 workers.
 -> (artifact id: '131036c9c8de0ac6ac3d0ebfff8f6943') in 0.000611 seconds
Number of updated asset objects reloaded before import = 0
Number of asset objects unloaded after import = 0
========================================================================
Received Import Request.
  Time since last request: 313.379104 seconds.
  path: Assets/pickUpCube.prefab
  artifactKey: Guid(f96eacc7cd3b6436393b830562f659b6) Importer(815301076,1909f56bfc062723c751e8b465ee728b)
Start importing Assets/pickUpCube.prefab using Guid(f96eacc7cd3b6436393b830562f659b6) Importer(815301076,1909f56bfc062723c751e8b465ee728b) [PhysX] Initialized MultithreadedTaskDispatcher with 8 workers.
 -> (artifact id: '131036c9c8de0ac6ac3d0ebfff8f6943') in 0.004683 seconds
Number of updated asset objects reloaded before import = 0
Number of asset objects unloaded after import = 0
========================================================================
Received Import Request.
  Time since last request: 14.072038 seconds.
  path: Assets/pickUpCube.prefab
  artifactKey: Guid(f96eacc7cd3b6436393b830562f659b6) Importer(815301076,1909f56bfc062723c751e8b465ee728b)
Start importing Assets/pickUpCube.prefab using Guid(f96eacc7cd3b6436393b830562f659b6) Importer(815301076,1909f56bfc062723c751e8b465ee728b) [PhysX] Initialized MultithreadedTaskDispatcher with 8 workers.
 -> (artifact id: '131036c9c8de0ac6ac3d0ebfff8f6943') in 0.001027 seconds
Number of updated asset objects reloaded before import = 0
Number of asset objects unloaded after import = 0
========================================================================
Received Prepare
Caller must complete domain reload
Begin MonoManager ReloadAssembly
- Loaded All Assemblies, in  1.212 seconds
Native extension for Android target not found
Native extension for OSXStandalone target not found
Native extension for WebGL target not found
[Package Manager] Server::EnsureServerProcessIsRunning -- launch failed, reason: Unity was launched with the -noUpm command-line argument
[Package Manager] UpmClient::Send -- Unable to send message (not connected to UPM process).
[Package Manager] Cannot connect to Unity Package Manager local server
[Package Manager] Server::EnsureServerProcessIsRunning -- launch failed, reason: Unity was launched with the -noUpm command-line argument
[Package Manager] UpmClient::Send -- Unable to send message (not connected to UPM process).
[Package Manager] Cannot connect to Unity Package Manager local server
Mono: successfully reloaded assembly
[Package Manager] Server::EnsureServerProcessIsRunning -- launch failed, reason: Unity was launched with the -noUpm command-line argument
[Package Manager] UpmClient::Send -- Unable to send message (not connected to UPM process).
[Package Manager] Cannot connect to Unity Package Manager local server
- Finished resetting the current domain, in  2.324 seconds
Domain Reload Profiling: 3537ms
	BeginReloadAssembly (413ms)
		ExecutionOrderSort (0ms)
		DisableScriptedObjects (14ms)
		BackupInstance (0ms)
		ReleaseScriptingObjects (0ms)
		CreateAndSetChildDomain (128ms)
	RebuildCommonClasses (71ms)
	RebuildNativeTypeToScriptingClass (24ms)
	initialDomainReloadingComplete (65ms)
	LoadAllAssembliesAndSetupDomain (639ms)
		LoadAssemblies (756ms)
		RebuildTransferFunctionScriptingTraits (0ms)
		AnalyzeDomain (89ms)
			TypeCache.Refresh (23ms)
				TypeCache.ScanAssembly (1ms)
			ScanForSourceGeneratedMonoScriptInfo (44ms)
			ResolveRequiredComponents (17ms)
	FinalizeReload (2325ms)
		ReleaseScriptCaches (0ms)
		RebuildScriptCaches (0ms)
		SetupLoadedEditorAssemblies (1249ms)
			LogAssemblyErrors (0ms)
			InitializePlatformSupportModulesInManaged (47ms)
			SetLoadedEditorAssemblies (10ms)
			RefreshPlugins (0ms)
			BeforeProcessingInitializeOnLoad (132ms)
			ProcessInitializeOnLoadAttributes (952ms)
			ProcessInitializeOnLoadMethodAttributes (105ms)
			AfterProcessingInitializeOnLoad (2ms)
			EditorAssembliesLoaded (0ms)
		ExecutionOrderSort2 (0ms)
		AwakeInstancesAfterBackupRestoration (13ms)
Refreshing native plugins compatible for Editor in 9.14 ms, found 9 plugins.
Preloading 1 native plugins for Editor in 0.43 ms.
Unloading 2765 Unused Serialized files (Serialized files now loaded: 0)
Unloading 68 unused Assets / (55.0 KB). Loaded Objects now: 3338.
Memory consumption went from 155.6 MB to 155.6 MB.
Total: 14.739962 ms (FindLiveObjects: 1.018504 ms CreateObjectMapping: 0.427062 ms MarkObjects: 13.084810 ms  DeleteObjects: 0.207852 ms)

Prepare: number of updated asset objects reloaded= 0
AssetImportParameters requested are different than current active one (requested -> active):
  custom:video-decoder-webm-vp8: 9c59270c3fd7afecdb556c50c9e8de78 -> 
  custom:SearchIndexIgnoredProperties: e643bd26f0fe6173181afceb89e7c659 -> 
  custom:scripting/monoscript/fileName/DOTweenModuleUtils.cs: 34ad347c902a97803d1c13fe65e97957 -> 
  custom:container-demuxer-ogg: 62fdf1f143b41e24485cea50d1cbac27 -> 
  custom:AudioImporter_EditorPlatform: 3918e3fc78b5a79bad01e8451be0beb8 -> 
  custom:scripting/monoscript/fileName/DoSquenceCode.cs: 2fdf7f871b4183857fec8c49c6580e5c -> 
  custom:scripting/monoscript/fileName/DOTweenModuleAudio.cs: 371877257ce39f5f0996ea556debbc8a -> 
  custom:scripting/monoscript/fileName/DOTweenModulePhysics2D.cs: 63b0e5981d81d026672954b54596f5ae -> 
  custom:scripting/precompiled-assembly-types:DOTweenEditor: 1efdf497b099e4e6944f0dd7fb28c744 -> 
  custom:video-decoder-ogg-theora: a1e56fd34408186e4bbccfd4996cb3dc -> 
  custom:scripting/monoscript/fileName/DOTweenModuleUnityVersion.cs: 5fda8b30fb2f0276062c9b201e3b53c4 -> 
  custom:scripting/monoscript/fileName/DOTweenModuleUI.cs: 53c26b618f695b59a868eebdc97332ad -> 
  custom:framework-osx-AVFoundation: e770b220cccbd017edd2c1fefb359320 -> 
  custom:scripting/precompiled-assembly-types:Assembly-CSharp-firstpass: c3b8ba213efe735b4b5ada0ee074dcb3 -> 
  custom:scripting/monoscript/fileName/DOTweenModuleSprite.cs: e35fb5eb1c483cffc283a374a5e25466 -> 
  custom:scripting/precompiled-assembly-types:DOTween: 41770a3e10244ae0a34e714162bbdba6 -> 
  custom:video-encoder-webm-vp8: eb34c28f22e8b96e1ab97ce403110664 -> 
  custom:scripting/monoscript/fileName/DOTweenModulePhysics.cs: 87f8974001cd2397421cfdcad1904e83 -> 
  custom:audio-decoder-ogg-vorbis: bf7c407c2cedff20999df2af8eb42d56 -> 
  custom:CustomObjectIndexerAttribute: 9a22284fe3817be447336de3de66b15e -> 
  custom:container-demuxer-webm: 4f35f7cbe854078d1ac9338744f61a02 -> 
  custom:scripting/precompiled-assembly-types:DOTweenUpgradeManager: 16e542c52fa73d4cbcd5cf54d161ea3b -> 
  custom:audio-encoder-webm-vorbis: bf7c407c2cedff20999df2af8eb42d56 -> 
  custom:scripting/monoscript/fileName/DoTweenCode.cs: 7e803ff7efa5a99f766b128d696ef0e7 -> 
  custom:scripting/precompiled-assembly-types:Assembly-CSharp: 3186f6966442edadaef376ec18665afa -> 95615498c1661d1d7e38362962995fd0
  custom:container-muxer-webm: aa71ff27fc2769a1b78a27578f13a17b -> 
========================================================================
Received Import Request.
  Time since last request: 22.895668 seconds.
  path: Assets/pickUpCube.prefab
  artifactKey: Guid(f96eacc7cd3b6436393b830562f659b6) Importer(815301076,1909f56bfc062723c751e8b465ee728b)
Start importing Assets/pickUpCube.prefab using Guid(f96eacc7cd3b6436393b830562f659b6) Importer(815301076,1909f56bfc062723c751e8b465ee728b) [PhysX] Initialized MultithreadedTaskDispatcher with 8 workers.
 -> (artifact id: '131036c9c8de0ac6ac3d0ebfff8f6943') in 0.003905 seconds
Number of updated asset objects reloaded before import = 0
Number of asset objects unloaded after import = 0
========================================================================
Received Prepare
Refreshing native plugins compatible for Editor in 24.66 ms, found 9 plugins.
Preloading 1 native plugins for Editor in 0.61 ms.
Unloading 0 Unused Serialized files (Serialized files now loaded: 0)
Unloading 0 unused Assets / (0 B). Loaded Objects now: 3338.
Memory consumption went from 111.7 MB to 111.7 MB.
Total: 18.430102 ms (FindLiveObjects: 0.691927 ms CreateObjectMapping: 0.260305 ms MarkObjects: 17.456607 ms  DeleteObjects: 0.019804 ms)

Prepare: number of updated asset objects reloaded= 0
AssetImportParameters requested are different than current active one (requested -> active):
  custom:video-decoder-webm-vp8: 9c59270c3fd7afecdb556c50c9e8de78 -> 
  custom:SearchIndexIgnoredProperties: e643bd26f0fe6173181afceb89e7c659 -> 
  custom:scripting/monoscript/fileName/DOTweenModuleUtils.cs: 34ad347c902a97803d1c13fe65e97957 -> 
  custom:container-demuxer-ogg: 62fdf1f143b41e24485cea50d1cbac27 -> 
  custom:AudioImporter_EditorPlatform: 3918e3fc78b5a79bad01e8451be0beb8 -> 
  custom:scripting/monoscript/fileName/DoSquenceCode.cs: 2fdf7f871b4183857fec8c49c6580e5c -> 
  custom:scripting/monoscript/fileName/DOTweenModuleAudio.cs: 371877257ce39f5f0996ea556debbc8a -> 
  custom:scripting/monoscript/fileName/DOTweenModulePhysics2D.cs: 63b0e5981d81d026672954b54596f5ae -> 
  custom:scripting/precompiled-assembly-types:DOTweenEditor: 1efdf497b099e4e6944f0dd7fb28c744 -> 
  custom:video-decoder-ogg-theora: a1e56fd34408186e4bbccfd4996cb3dc -> 
  custom:scripting/monoscript/fileName/DOTweenModuleUnityVersion.cs: 5fda8b30fb2f0276062c9b201e3b53c4 -> 
  custom:scripting/monoscript/fileName/DOTweenModuleUI.cs: 53c26b618f695b59a868eebdc97332ad -> 
  custom:framework-osx-AVFoundation: e770b220cccbd017edd2c1fefb359320 -> 
  custom:scripting/precompiled-assembly-types:Assembly-CSharp-firstpass: c3b8ba213efe735b4b5ada0ee074dcb3 -> 
  custom:scripting/monoscript/fileName/DOTweenModuleSprite.cs: e35fb5eb1c483cffc283a374a5e25466 -> 
  custom:scripting/precompiled-assembly-types:DOTween: 41770a3e10244ae0a34e714162bbdba6 -> 
  custom:video-encoder-webm-vp8: eb34c28f22e8b96e1ab97ce403110664 -> 
  custom:scripting/monoscript/fileName/DOTweenModulePhysics.cs: 87f8974001cd2397421cfdcad1904e83 -> 
  custom:audio-decoder-ogg-vorbis: bf7c407c2cedff20999df2af8eb42d56 -> 
  custom:CustomObjectIndexerAttribute: 9a22284fe3817be447336de3de66b15e -> 
  custom:container-demuxer-webm: 4f35f7cbe854078d1ac9338744f61a02 -> 
  custom:scripting/precompiled-assembly-types:DOTweenUpgradeManager: 16e542c52fa73d4cbcd5cf54d161ea3b -> 
  custom:audio-encoder-webm-vorbis: bf7c407c2cedff20999df2af8eb42d56 -> 
  custom:scripting/monoscript/fileName/DoTweenCode.cs: 7e803ff7efa5a99f766b128d696ef0e7 -> 
  custom:scripting/precompiled-assembly-types:Assembly-CSharp: 3186f6966442edadaef376ec18665afa -> 95615498c1661d1d7e38362962995fd0
  custom:container-muxer-webm: aa71ff27fc2769a1b78a27578f13a17b -> 
========================================================================
Received Import Request.
  Time since last request: 39.884948 seconds.
  path: Assets/pickUpCube.prefab
  artifactKey: Guid(f96eacc7cd3b6436393b830562f659b6) Importer(815301076,1909f56bfc062723c751e8b465ee728b)
Start importing Assets/pickUpCube.prefab using Guid(f96eacc7cd3b6436393b830562f659b6) Importer(815301076,1909f56bfc062723c751e8b465ee728b) [PhysX] Initialized MultithreadedTaskDispatcher with 8 workers.
 -> (artifact id: '131036c9c8de0ac6ac3d0ebfff8f6943') in 0.001768 seconds
Number of updated asset objects reloaded before import = 0
Number of asset objects unloaded after import = 0
========================================================================
Received Prepare
Refreshing native plugins compatible for Editor in 58.51 ms, found 9 plugins.
Preloading 1 native plugins for Editor in 0.67 ms.
Unloading 0 Unused Serialized files (Serialized files now loaded: 0)
Unloading 0 unused Assets / (0 B). Loaded Objects now: 3338.
Memory consumption went from 111.4 MB to 111.4 MB.
Total: 17.193305 ms (FindLiveObjects: 0.445737 ms CreateObjectMapping: 0.293186 ms MarkObjects: 16.437129 ms  DeleteObjects: 0.015425 ms)

Prepare: number of updated asset objects reloaded= 0
AssetImportParameters requested are different than current active one (requested -> active):
  custom:video-decoder-webm-vp8: 9c59270c3fd7afecdb556c50c9e8de78 -> 
  custom:SearchIndexIgnoredProperties: e643bd26f0fe6173181afceb89e7c659 -> 
  custom:scripting/monoscript/fileName/DOTweenModuleUtils.cs: 34ad347c902a97803d1c13fe65e97957 -> 
  custom:container-demuxer-ogg: 62fdf1f143b41e24485cea50d1cbac27 -> 
  custom:AudioImporter_EditorPlatform: 3918e3fc78b5a79bad01e8451be0beb8 -> 
  custom:scripting/monoscript/fileName/DoSquenceCode.cs: 2fdf7f871b4183857fec8c49c6580e5c -> 
  custom:scripting/monoscript/fileName/DOTweenModuleAudio.cs: 371877257ce39f5f0996ea556debbc8a -> 
  custom:scripting/monoscript/fileName/DOTweenModulePhysics2D.cs: 63b0e5981d81d026672954b54596f5ae -> 
  custom:scripting/precompiled-assembly-types:DOTweenEditor: 1efdf497b099e4e6944f0dd7fb28c744 -> 
  custom:video-decoder-ogg-theora: a1e56fd34408186e4bbccfd4996cb3dc -> 
  custom:scripting/monoscript/fileName/DOTweenModuleUnityVersion.cs: 5fda8b30fb2f0276062c9b201e3b53c4 -> 
  custom:scripting/monoscript/fileName/DOTweenModuleUI.cs: 53c26b618f695b59a868eebdc97332ad -> 
  custom:framework-osx-AVFoundation: e770b220cccbd017edd2c1fefb359320 -> 
  custom:scripting/precompiled-assembly-types:Assembly-CSharp-firstpass: c3b8ba213efe735b4b5ada0ee074dcb3 -> 
  custom:scripting/monoscript/fileName/DOTweenModuleSprite.cs: e35fb5eb1c483cffc283a374a5e25466 -> 
  custom:scripting/precompiled-assembly-types:DOTween: 41770a3e10244ae0a34e714162bbdba6 -> 
  custom:video-encoder-webm-vp8: eb34c28f22e8b96e1ab97ce403110664 -> 
  custom:scripting/monoscript/fileName/DOTweenModulePhysics.cs: 87f8974001cd2397421cfdcad1904e83 -> 
  custom:audio-decoder-ogg-vorbis: bf7c407c2cedff20999df2af8eb42d56 -> 
  custom:CustomObjectIndexerAttribute: 9a22284fe3817be447336de3de66b15e -> 
  custom:container-demuxer-webm: 4f35f7cbe854078d1ac9338744f61a02 -> 
  custom:scripting/precompiled-assembly-types:DOTweenUpgradeManager: 16e542c52fa73d4cbcd5cf54d161ea3b -> 
  custom:audio-encoder-webm-vorbis: bf7c407c2cedff20999df2af8eb42d56 -> 
  custom:scripting/monoscript/fileName/DoTweenCode.cs: 7e803ff7efa5a99f766b128d696ef0e7 -> 
  custom:scripting/precompiled-assembly-types:Assembly-CSharp: 3186f6966442edadaef376ec18665afa -> 95615498c1661d1d7e38362962995fd0
  custom:container-muxer-webm: aa71ff27fc2769a1b78a27578f13a17b -> 
========================================================================
Received Import Request.
  Time since last request: 10.999448 seconds.
  path: Assets/pickUpCube.prefab
  artifactKey: Guid(f96eacc7cd3b6436393b830562f659b6) Importer(815301076,1909f56bfc062723c751e8b465ee728b)
Start importing Assets/pickUpCube.prefab using Guid(f96eacc7cd3b6436393b830562f659b6) Importer(815301076,1909f56bfc062723c751e8b465ee728b) [PhysX] Initialized MultithreadedTaskDispatcher with 8 workers.
 -> (artifact id: '131036c9c8de0ac6ac3d0ebfff8f6943') in 0.001493 seconds
Number of updated asset objects reloaded before import = 0
Number of asset objects unloaded after import = 0
========================================================================
Received Import Request.
  Time since last request: 167.470753 seconds.
  path: Assets/pickUpCube.prefab
  artifactKey: Guid(f96eacc7cd3b6436393b830562f659b6) Importer(815301076,1909f56bfc062723c751e8b465ee728b)
Start importing Assets/pickUpCube.prefab using Guid(f96eacc7cd3b6436393b830562f659b6) Importer(815301076,1909f56bfc062723c751e8b465ee728b) [PhysX] Initialized MultithreadedTaskDispatcher with 8 workers.
 -> (artifact id: '131036c9c8de0ac6ac3d0ebfff8f6943') in 0.006847 seconds
Number of updated asset objects reloaded before import = 0
Number of asset objects unloaded after import = 0
========================================================================
Received Import Request.
  Time since last request: 25.241283 seconds.
  path: Assets/pickUpCube.prefab
  artifactKey: Guid(f96eacc7cd3b6436393b830562f659b6) Importer(815301076,1909f56bfc062723c751e8b465ee728b)
Start importing Assets/pickUpCube.prefab using Guid(f96eacc7cd3b6436393b830562f659b6) Importer(815301076,1909f56bfc062723c751e8b465ee728b) [PhysX] Initialized MultithreadedTaskDispatcher with 8 workers.
 -> (artifact id: '131036c9c8de0ac6ac3d0ebfff8f6943') in 0.001251 seconds
Number of updated asset objects reloaded before import = 0
Number of asset objects unloaded after import = 0
========================================================================
Received Prepare
Caller must complete domain reload
Begin MonoManager ReloadAssembly
- Loaded All Assemblies, in  1.299 seconds
Native extension for Android target not found
Native extension for OSXStandalone target not found
Native extension for WebGL target not found
[Package Manager] Server::EnsureServerProcessIsRunning -- launch failed, reason: Unity was launched with the -noUpm command-line argument
[Package Manager] UpmClient::Send -- Unable to send message (not connected to UPM process).
[Package Manager] Cannot connect to Unity Package Manager local server
[Package Manager] Server::EnsureServerProcessIsRunning -- launch failed, reason: Unity was launched with the -noUpm command-line argument
[Package Manager] UpmClient::Send -- Unable to send message (not connected to UPM process).
[Package Manager] Cannot connect to Unity Package Manager local server
Mono: successfully reloaded assembly
[Package Manager] Server::EnsureServerProcessIsRunning -- launch failed, reason: Unity was launched with the -noUpm command-line argument
[Package Manager] UpmClient::Send -- Unable to send message (not connected to UPM process).
[Package Manager] Cannot connect to Unity Package Manager local server
- Finished resetting the current domain, in  2.278 seconds
Domain Reload Profiling: 3578ms
	BeginReloadAssembly (434ms)
		ExecutionOrderSort (0ms)
		DisableScriptedObjects (15ms)
		BackupInstance (0ms)
		ReleaseScriptingObjects (0ms)
		CreateAndSetChildDomain (147ms)
	RebuildCommonClasses (77ms)
	RebuildNativeTypeToScriptingClass (29ms)
	initialDomainReloadingComplete (64ms)
	LoadAllAssembliesAndSetupDomain (695ms)
		LoadAssemblies (777ms)
		RebuildTransferFunctionScriptingTraits (0ms)
		AnalyzeDomain (115ms)
			TypeCache.Refresh (33ms)
				TypeCache.ScanAssembly (1ms)
			ScanForSourceGeneratedMonoScriptInfo (55ms)
			ResolveRequiredComponents (23ms)
	FinalizeReload (2279ms)
		ReleaseScriptCaches (0ms)
		RebuildScriptCaches (0ms)
		SetupLoadedEditorAssemblies (1163ms)
			LogAssemblyErrors (0ms)
			InitializePlatformSupportModulesInManaged (35ms)
			SetLoadedEditorAssemblies (7ms)
			RefreshPlugins (0ms)
			BeforeProcessingInitializeOnLoad (111ms)
			ProcessInitializeOnLoadAttributes (910ms)
			ProcessInitializeOnLoadMethodAttributes (98ms)
			AfterProcessingInitializeOnLoad (2ms)
			EditorAssembliesLoaded (0ms)
		ExecutionOrderSort2 (0ms)
		AwakeInstancesAfterBackupRestoration (12ms)
Refreshing native plugins compatible for Editor in 9.41 ms, found 9 plugins.
Preloading 1 native plugins for Editor in 0.45 ms.
Unloading 2765 Unused Serialized files (Serialized files now loaded: 0)
Unloading 68 unused Assets / (55.0 KB). Loaded Objects now: 3342.
Memory consumption went from 160.4 MB to 160.4 MB.
Total: 5.764809 ms (FindLiveObjects: 0.283729 ms CreateObjectMapping: 0.221649 ms MarkObjects: 5.121569 ms  DeleteObjects: 0.136276 ms)

Prepare: number of updated asset objects reloaded= 0
AssetImportParameters requested are different than current active one (requested -> active):
  custom:video-decoder-webm-vp8: 9c59270c3fd7afecdb556c50c9e8de78 -> 
  custom:SearchIndexIgnoredProperties: e643bd26f0fe6173181afceb89e7c659 -> 
  custom:scripting/monoscript/fileName/DOTweenModuleUtils.cs: 34ad347c902a97803d1c13fe65e97957 -> 
  custom:container-demuxer-ogg: 62fdf1f143b41e24485cea50d1cbac27 -> 
  custom:AudioImporter_EditorPlatform: 3918e3fc78b5a79bad01e8451be0beb8 -> 
  custom:scripting/monoscript/fileName/DoSquenceCode.cs: 2fdf7f871b4183857fec8c49c6580e5c -> 
  custom:scripting/monoscript/fileName/DOTweenModuleAudio.cs: 371877257ce39f5f0996ea556debbc8a -> 
  custom:scripting/monoscript/fileName/DOTweenModulePhysics2D.cs: 63b0e5981d81d026672954b54596f5ae -> 
  custom:scripting/precompiled-assembly-types:DOTweenEditor: 1efdf497b099e4e6944f0dd7fb28c744 -> 
  custom:video-decoder-ogg-theora: a1e56fd34408186e4bbccfd4996cb3dc -> 
  custom:scripting/monoscript/fileName/DOTweenModuleUnityVersion.cs: 5fda8b30fb2f0276062c9b201e3b53c4 -> 
  custom:scripting/monoscript/fileName/DOTweenModuleUI.cs: 53c26b618f695b59a868eebdc97332ad -> 
  custom:framework-osx-AVFoundation: e770b220cccbd017edd2c1fefb359320 -> 
  custom:scripting/precompiled-assembly-types:Assembly-CSharp-firstpass: c3b8ba213efe735b4b5ada0ee074dcb3 -> 
  custom:scripting/monoscript/fileName/DOTweenModuleSprite.cs: e35fb5eb1c483cffc283a374a5e25466 -> 
  custom:scripting/precompiled-assembly-types:DOTween: 41770a3e10244ae0a34e714162bbdba6 -> 
  custom:video-encoder-webm-vp8: eb34c28f22e8b96e1ab97ce403110664 -> 
  custom:scripting/monoscript/fileName/DOTweenModulePhysics.cs: 87f8974001cd2397421cfdcad1904e83 -> 
  custom:audio-decoder-ogg-vorbis: bf7c407c2cedff20999df2af8eb42d56 -> 
  custom:CustomObjectIndexerAttribute: 9a22284fe3817be447336de3de66b15e -> 
  custom:container-demuxer-webm: 4f35f7cbe854078d1ac9338744f61a02 -> 
  custom:scripting/precompiled-assembly-types:DOTweenUpgradeManager: 16e542c52fa73d4cbcd5cf54d161ea3b -> 
  custom:audio-encoder-webm-vorbis: bf7c407c2cedff20999df2af8eb42d56 -> 
  custom:scripting/monoscript/fileName/DoTweenCode.cs: 7e803ff7efa5a99f766b128d696ef0e7 -> 
  custom:scripting/precompiled-assembly-types:Assembly-CSharp: 3186f6966442edadaef376ec18665afa -> 95615498c1661d1d7e38362962995fd0
  custom:container-muxer-webm: aa71ff27fc2769a1b78a27578f13a17b -> 
========================================================================
Received Prepare
Refreshing native plugins compatible for Editor in 25.24 ms, found 9 plugins.
Preloading 1 native plugins for Editor in 0.51 ms.
Unloading 0 Unused Serialized files (Serialized files now loaded: 0)
Unloading 0 unused Assets / (0 B). Loaded Objects now: 3342.
Memory consumption went from 116.8 MB to 116.8 MB.
Total: 27.438408 ms (FindLiveObjects: 1.121810 ms CreateObjectMapping: 0.245622 ms MarkObjects: 26.058353 ms  DeleteObjects: 0.011232 ms)

Prepare: number of updated asset objects reloaded= 0
AssetImportParameters requested are different than current active one (requested -> active):
  custom:video-decoder-webm-vp8: 9c59270c3fd7afecdb556c50c9e8de78 -> 
  custom:SearchIndexIgnoredProperties: e643bd26f0fe6173181afceb89e7c659 -> 
  custom:scripting/monoscript/fileName/DOTweenModuleUtils.cs: 34ad347c902a97803d1c13fe65e97957 -> 
  custom:container-demuxer-ogg: 62fdf1f143b41e24485cea50d1cbac27 -> 
  custom:AudioImporter_EditorPlatform: 3918e3fc78b5a79bad01e8451be0beb8 -> 
  custom:scripting/monoscript/fileName/DoSquenceCode.cs: 2fdf7f871b4183857fec8c49c6580e5c -> 
  custom:scripting/monoscript/fileName/DOTweenModuleAudio.cs: 371877257ce39f5f0996ea556debbc8a -> 
  custom:scripting/monoscript/fileName/DOTweenModulePhysics2D.cs: 63b0e5981d81d026672954b54596f5ae -> 
  custom:scripting/precompiled-assembly-types:DOTweenEditor: 1efdf497b099e4e6944f0dd7fb28c744 -> 
  custom:video-decoder-ogg-theora: a1e56fd34408186e4bbccfd4996cb3dc -> 
  custom:scripting/monoscript/fileName/DOTweenModuleUnityVersion.cs: 5fda8b30fb2f0276062c9b201e3b53c4 -> 
  custom:scripting/monoscript/fileName/DOTweenModuleUI.cs: 53c26b618f695b59a868eebdc97332ad -> 
  custom:framework-osx-AVFoundation: e770b220cccbd017edd2c1fefb359320 -> 
  custom:scripting/precompiled-assembly-types:Assembly-CSharp-firstpass: c3b8ba213efe735b4b5ada0ee074dcb3 -> 
  custom:scripting/monoscript/fileName/DOTweenModuleSprite.cs: e35fb5eb1c483cffc283a374a5e25466 -> 
  custom:scripting/precompiled-assembly-types:DOTween: 41770a3e10244ae0a34e714162bbdba6 -> 
  custom:video-encoder-webm-vp8: eb34c28f22e8b96e1ab97ce403110664 -> 
  custom:scripting/monoscript/fileName/DOTweenModulePhysics.cs: 87f8974001cd2397421cfdcad1904e83 -> 
  custom:audio-decoder-ogg-vorbis: bf7c407c2cedff20999df2af8eb42d56 -> 
  custom:CustomObjectIndexerAttribute: 9a22284fe3817be447336de3de66b15e -> 
  custom:container-demuxer-webm: 4f35f7cbe854078d1ac9338744f61a02 -> 
  custom:scripting/precompiled-assembly-types:DOTweenUpgradeManager: 16e542c52fa73d4cbcd5cf54d161ea3b -> 
  custom:audio-encoder-webm-vorbis: bf7c407c2cedff20999df2af8eb42d56 -> 
  custom:scripting/monoscript/fileName/DoTweenCode.cs: 7e803ff7efa5a99f766b128d696ef0e7 -> 
  custom:scripting/precompiled-assembly-types:Assembly-CSharp: 3186f6966442edadaef376ec18665afa -> 95615498c1661d1d7e38362962995fd0
  custom:container-muxer-webm: aa71ff27fc2769a1b78a27578f13a17b -> 
